{"D:\\me\\movie-api\\src\\app.js": {"path":"D:\\me\\movie-api\\src\\app.js","statementMap":{"0":{"start":{"line":1,"column":16},"end":{"line":1,"column":34}},"1":{"start":{"line":2,"column":13},"end":{"line":2,"column":28}},"2":{"start":{"line":3,"column":15},"end":{"line":3,"column":32}},"3":{"start":{"line":4,"column":15},"end":{"line":4,"column":32}},"4":{"start":{"line":5,"column":18},"end":{"line":5,"column":47}},"5":{"start":{"line":6,"column":21},"end":{"line":6,"column":48}},"6":{"start":{"line":7,"column":15},"end":{"line":7,"column":34}},"7":{"start":{"line":9,"column":12},"end":{"line":9,"column":21}},"8":{"start":{"line":12,"column":0},"end":{"line":12,"column":18}},"9":{"start":{"line":13,"column":0},"end":{"line":13,"column":16}},"10":{"start":{"line":14,"column":0},"end":{"line":14,"column":23}},"11":{"start":{"line":15,"column":0},"end":{"line":15,"column":24}},"12":{"start":{"line":16,"column":0},"end":{"line":16,"column":48}},"13":{"start":{"line":19,"column":0},"end":{"line":19,"column":69}},"14":{"start":{"line":22,"column":0},"end":{"line":22,"column":24}},"15":{"start":{"line":25,"column":0},"end":{"line":27,"column":3}},"16":{"start":{"line":26,"column":4},"end":{"line":26,"column":73}},"17":{"start":{"line":30,"column":0},"end":{"line":35,"column":3}},"18":{"start":{"line":31,"column":4},"end":{"line":34,"column":7}},"19":{"start":{"line":38,"column":0},"end":{"line":44,"column":3}},"20":{"start":{"line":39,"column":4},"end":{"line":39,"column":29}},"21":{"start":{"line":40,"column":4},"end":{"line":43,"column":7}},"22":{"start":{"line":46,"column":0},"end":{"line":46,"column":21}}},"fnMap":{"0":{"name":"(anonymous_0)","decl":{"start":{"line":25,"column":19},"end":{"line":25,"column":20}},"loc":{"start":{"line":25,"column":33},"end":{"line":27,"column":1}},"line":25},"1":{"name":"(anonymous_1)","decl":{"start":{"line":30,"column":8},"end":{"line":30,"column":9}},"loc":{"start":{"line":30,"column":28},"end":{"line":35,"column":1}},"line":30},"2":{"name":"(anonymous_2)","decl":{"start":{"line":38,"column":8},"end":{"line":38,"column":9}},"loc":{"start":{"line":38,"column":33},"end":{"line":44,"column":1}},"line":38}},"branchMap":{"0":{"loc":{"start":{"line":40,"column":15},"end":{"line":40,"column":32}},"type":"binary-expr","locations":[{"start":{"line":40,"column":15},"end":{"line":40,"column":25}},{"start":{"line":40,"column":29},"end":{"line":40,"column":32}}],"line":40},"1":{"loc":{"start":{"line":42,"column":17},"end":{"line":42,"column":55}},"type":"binary-expr","locations":[{"start":{"line":42,"column":17},"end":{"line":42,"column":28}},{"start":{"line":42,"column":32},"end":{"line":42,"column":55}}],"line":42}},"s":{"0":6,"1":6,"2":6,"3":6,"4":6,"5":6,"6":6,"7":6,"8":6,"9":6,"10":6,"11":6,"12":6,"13":6,"14":6,"15":6,"16":0,"17":6,"18":0,"19":6,"20":0,"21":0,"22":6},"f":{"0":0,"1":0,"2":0},"b":{"0":[0,0],"1":[0,0]},"_coverageSchema":"1a1c01bbd47fc00a2c39e90264f33305004495a9","hash":"24ecdecd62a87f06eea0fac1d1a0d7d0177e125f"}
,"D:\\me\\movie-api\\src\\controllers\\auth.controller.js": {"path":"D:\\me\\movie-api\\src\\controllers\\auth.controller.js","statementMap":{"0":{"start":{"line":1,"column":17},"end":{"line":1,"column":40}},"1":{"start":{"line":2,"column":15},"end":{"line":2,"column":34}},"2":{"start":{"line":3,"column":12},"end":{"line":3,"column":35}},"3":{"start":{"line":8,"column":8},"end":{"line":50,"column":9}},"4":{"start":{"line":9,"column":46},"end":{"line":9,"column":54}},"5":{"start":{"line":12,"column":33},"end":{"line":12,"column":73}},"6":{"start":{"line":13,"column":12},"end":{"line":18,"column":13}},"7":{"start":{"line":14,"column":16},"end":{"line":17,"column":19}},"8":{"start":{"line":21,"column":25},"end":{"line":21,"column":49}},"9":{"start":{"line":22,"column":35},"end":{"line":22,"column":68}},"10":{"start":{"line":25,"column":25},"end":{"line":29,"column":14}},"11":{"start":{"line":32,"column":26},"end":{"line":34,"column":14}},"12":{"start":{"line":36,"column":12},"end":{"line":47,"column":15}},"13":{"start":{"line":49,"column":12},"end":{"line":49,"column":77}},"14":{"start":{"line":55,"column":8},"end":{"line":95,"column":9}},"15":{"start":{"line":56,"column":40},"end":{"line":56,"column":48}},"16":{"start":{"line":59,"column":25},"end":{"line":59,"column":65}},"17":{"start":{"line":60,"column":12},"end":{"line":65,"column":13}},"18":{"start":{"line":61,"column":16},"end":{"line":64,"column":19}},"19":{"start":{"line":68,"column":28},"end":{"line":68,"column":73}},"20":{"start":{"line":69,"column":12},"end":{"line":74,"column":13}},"21":{"start":{"line":70,"column":16},"end":{"line":73,"column":19}},"22":{"start":{"line":77,"column":26},"end":{"line":79,"column":14}},"23":{"start":{"line":81,"column":12},"end":{"line":92,"column":15}},"24":{"start":{"line":94,"column":12},"end":{"line":94,"column":77}},"25":{"start":{"line":99,"column":0},"end":{"line":99,"column":38}}},"fnMap":{"0":{"name":"(anonymous_0)","decl":{"start":{"line":7,"column":4},"end":{"line":7,"column":5}},"loc":{"start":{"line":7,"column":29},"end":{"line":51,"column":5}},"line":7},"1":{"name":"(anonymous_1)","decl":{"start":{"line":54,"column":4},"end":{"line":54,"column":5}},"loc":{"start":{"line":54,"column":26},"end":{"line":96,"column":5}},"line":54}},"branchMap":{"0":{"loc":{"start":{"line":13,"column":12},"end":{"line":18,"column":13}},"type":"if","locations":[{"start":{"line":13,"column":12},"end":{"line":18,"column":13}},{"start":{},"end":{}}],"line":13},"1":{"loc":{"start":{"line":60,"column":12},"end":{"line":65,"column":13}},"type":"if","locations":[{"start":{"line":60,"column":12},"end":{"line":65,"column":13}},{"start":{},"end":{}}],"line":60},"2":{"loc":{"start":{"line":69,"column":12},"end":{"line":74,"column":13}},"type":"if","locations":[{"start":{"line":69,"column":12},"end":{"line":74,"column":13}},{"start":{},"end":{}}],"line":69}},"s":{"0":6,"1":6,"2":6,"3":3,"4":3,"5":3,"6":2,"7":1,"8":1,"9":1,"10":1,"11":1,"12":1,"13":1,"14":3,"15":3,"16":3,"17":3,"18":1,"19":2,"20":2,"21":1,"22":1,"23":1,"24":0,"25":6},"f":{"0":3,"1":3},"b":{"0":[1,1],"1":[1,2],"2":[1,1]},"_coverageSchema":"1a1c01bbd47fc00a2c39e90264f33305004495a9","hash":"57e6a26ed7d27a80472bad7f6246d8b3adcc1a0a"}
,"D:\\me\\movie-api\\src\\controllers\\comment.controller.js": {"path":"D:\\me\\movie-api\\src\\controllers\\comment.controller.js","statementMap":{"0":{"start":{"line":1,"column":33},"end":{"line":1,"column":56}},"1":{"start":{"line":2,"column":36},"end":{"line":2,"column":55}},"2":{"start":{"line":7,"column":8},"end":{"line":29,"column":9}},"3":{"start":{"line":8,"column":32},"end":{"line":8,"column":42}},"4":{"start":{"line":10,"column":31},"end":{"line":10,"column":58}},"5":{"start":{"line":12,"column":46},"end":{"line":24,"column":14}},"6":{"start":{"line":26,"column":12},"end":{"line":26,"column":93}},"7":{"start":{"line":28,"column":12},"end":{"line":28,"column":77}},"8":{"start":{"line":34,"column":8},"end":{"line":62,"column":9}},"9":{"start":{"line":35,"column":41},"end":{"line":35,"column":49}},"10":{"start":{"line":38,"column":26},"end":{"line":38,"column":55}},"11":{"start":{"line":39,"column":12},"end":{"line":41,"column":13}},"12":{"start":{"line":40,"column":16},"end":{"line":40,"column":92}},"13":{"start":{"line":43,"column":28},"end":{"line":47,"column":14}},"14":{"start":{"line":49,"column":36},"end":{"line":57,"column":14}},"15":{"start":{"line":59,"column":12},"end":{"line":59,"column":75}},"16":{"start":{"line":61,"column":12},"end":{"line":61,"column":77}},"17":{"start":{"line":67,"column":8},"end":{"line":95,"column":9}},"18":{"start":{"line":68,"column":28},"end":{"line":68,"column":65}},"19":{"start":{"line":70,"column":12},"end":{"line":72,"column":13}},"20":{"start":{"line":71,"column":16},"end":{"line":71,"column":94}},"21":{"start":{"line":75,"column":12},"end":{"line":77,"column":13}},"22":{"start":{"line":76,"column":16},"end":{"line":76,"column":90}},"23":{"start":{"line":79,"column":32},"end":{"line":79,"column":40}},"24":{"start":{"line":80,"column":12},"end":{"line":80,"column":46}},"25":{"start":{"line":82,"column":35},"end":{"line":90,"column":14}},"26":{"start":{"line":92,"column":12},"end":{"line":92,"column":62}},"27":{"start":{"line":94,"column":12},"end":{"line":94,"column":77}},"28":{"start":{"line":100,"column":8},"end":{"line":116,"column":9}},"29":{"start":{"line":101,"column":28},"end":{"line":101,"column":65}},"30":{"start":{"line":103,"column":12},"end":{"line":105,"column":13}},"31":{"start":{"line":104,"column":16},"end":{"line":104,"column":94}},"32":{"start":{"line":108,"column":12},"end":{"line":110,"column":13}},"33":{"start":{"line":109,"column":16},"end":{"line":109,"column":90}},"34":{"start":{"line":112,"column":12},"end":{"line":112,"column":36}},"35":{"start":{"line":113,"column":12},"end":{"line":113,"column":81}},"36":{"start":{"line":115,"column":12},"end":{"line":115,"column":77}},"37":{"start":{"line":120,"column":0},"end":{"line":120,"column":41}}},"fnMap":{"0":{"name":"(anonymous_0)","decl":{"start":{"line":6,"column":4},"end":{"line":6,"column":5}},"loc":{"start":{"line":6,"column":39},"end":{"line":30,"column":5}},"line":6},"1":{"name":"(anonymous_1)","decl":{"start":{"line":33,"column":4},"end":{"line":33,"column":5}},"loc":{"start":{"line":33,"column":34},"end":{"line":63,"column":5}},"line":33},"2":{"name":"(anonymous_2)","decl":{"start":{"line":66,"column":4},"end":{"line":66,"column":5}},"loc":{"start":{"line":66,"column":34},"end":{"line":96,"column":5}},"line":66},"3":{"name":"(anonymous_3)","decl":{"start":{"line":99,"column":4},"end":{"line":99,"column":5}},"loc":{"start":{"line":99,"column":34},"end":{"line":117,"column":5}},"line":99}},"branchMap":{"0":{"loc":{"start":{"line":39,"column":12},"end":{"line":41,"column":13}},"type":"if","locations":[{"start":{"line":39,"column":12},"end":{"line":41,"column":13}},{"start":{},"end":{}}],"line":39},"1":{"loc":{"start":{"line":70,"column":12},"end":{"line":72,"column":13}},"type":"if","locations":[{"start":{"line":70,"column":12},"end":{"line":72,"column":13}},{"start":{},"end":{}}],"line":70},"2":{"loc":{"start":{"line":75,"column":12},"end":{"line":77,"column":13}},"type":"if","locations":[{"start":{"line":75,"column":12},"end":{"line":77,"column":13}},{"start":{},"end":{}}],"line":75},"3":{"loc":{"start":{"line":103,"column":12},"end":{"line":105,"column":13}},"type":"if","locations":[{"start":{"line":103,"column":12},"end":{"line":105,"column":13}},{"start":{},"end":{}}],"line":103},"4":{"loc":{"start":{"line":108,"column":12},"end":{"line":110,"column":13}},"type":"if","locations":[{"start":{"line":108,"column":12},"end":{"line":110,"column":13}},{"start":{},"end":{}}],"line":108},"5":{"loc":{"start":{"line":108,"column":16},"end":{"line":108,"column":75}},"type":"binary-expr","locations":[{"start":{"line":108,"column":16},"end":{"line":108,"column":46}},{"start":{"line":108,"column":50},"end":{"line":108,"column":75}}],"line":108}},"s":{"0":6,"1":6,"2":3,"3":3,"4":3,"5":3,"6":3,"7":0,"8":2,"9":2,"10":2,"11":2,"12":1,"13":1,"14":1,"15":1,"16":0,"17":3,"18":3,"19":3,"20":1,"21":2,"22":1,"23":1,"24":1,"25":1,"26":1,"27":0,"28":3,"29":3,"30":3,"31":0,"32":3,"33":1,"34":2,"35":2,"36":0,"37":6},"f":{"0":3,"1":2,"2":3,"3":3},"b":{"0":[1,1],"1":[1,2],"2":[1,1],"3":[0,3],"4":[1,2],"5":[3,2]},"_coverageSchema":"1a1c01bbd47fc00a2c39e90264f33305004495a9","hash":"7f5353607884ce2bd5003cca7546b98cfcc4faa5"}
,"D:\\me\\movie-api\\src\\controllers\\episode.controller.js": {"path":"D:\\me\\movie-api\\src\\controllers\\episode.controller.js","statementMap":{"0":{"start":{"line":1,"column":27},"end":{"line":1,"column":50}},"1":{"start":{"line":6,"column":8},"end":{"line":17,"column":9}},"2":{"start":{"line":7,"column":32},"end":{"line":7,"column":42}},"3":{"start":{"line":9,"column":29},"end":{"line":12,"column":14}},"4":{"start":{"line":14,"column":12},"end":{"line":14,"column":56}},"5":{"start":{"line":16,"column":12},"end":{"line":16,"column":77}},"6":{"start":{"line":22,"column":8},"end":{"line":34,"column":9}},"7":{"start":{"line":23,"column":28},"end":{"line":25,"column":14}},"8":{"start":{"line":27,"column":12},"end":{"line":29,"column":13}},"9":{"start":{"line":28,"column":16},"end":{"line":28,"column":94}},"10":{"start":{"line":31,"column":12},"end":{"line":31,"column":55}},"11":{"start":{"line":33,"column":12},"end":{"line":33,"column":77}},"12":{"start":{"line":39,"column":8},"end":{"line":59,"column":9}},"13":{"start":{"line":40,"column":74},"end":{"line":40,"column":82}},"14":{"start":{"line":43,"column":26},"end":{"line":43,"column":55}},"15":{"start":{"line":44,"column":12},"end":{"line":46,"column":13}},"16":{"start":{"line":45,"column":16},"end":{"line":45,"column":92}},"17":{"start":{"line":48,"column":28},"end":{"line":54,"column":14}},"18":{"start":{"line":56,"column":12},"end":{"line":56,"column":67}},"19":{"start":{"line":58,"column":12},"end":{"line":58,"column":77}},"20":{"start":{"line":64,"column":8},"end":{"line":78,"column":9}},"21":{"start":{"line":65,"column":28},"end":{"line":65,"column":65}},"22":{"start":{"line":67,"column":12},"end":{"line":69,"column":13}},"23":{"start":{"line":68,"column":16},"end":{"line":68,"column":94}},"24":{"start":{"line":71,"column":65},"end":{"line":71,"column":73}},"25":{"start":{"line":73,"column":12},"end":{"line":73,"column":79}},"26":{"start":{"line":75,"column":12},"end":{"line":75,"column":55}},"27":{"start":{"line":77,"column":12},"end":{"line":77,"column":77}},"28":{"start":{"line":83,"column":8},"end":{"line":94,"column":9}},"29":{"start":{"line":84,"column":28},"end":{"line":84,"column":65}},"30":{"start":{"line":86,"column":12},"end":{"line":88,"column":13}},"31":{"start":{"line":87,"column":16},"end":{"line":87,"column":94}},"32":{"start":{"line":90,"column":12},"end":{"line":90,"column":36}},"33":{"start":{"line":91,"column":12},"end":{"line":91,"column":81}},"34":{"start":{"line":93,"column":12},"end":{"line":93,"column":77}},"35":{"start":{"line":98,"column":0},"end":{"line":98,"column":41}}},"fnMap":{"0":{"name":"(anonymous_0)","decl":{"start":{"line":5,"column":4},"end":{"line":5,"column":5}},"loc":{"start":{"line":5,"column":39},"end":{"line":18,"column":5}},"line":5},"1":{"name":"(anonymous_1)","decl":{"start":{"line":21,"column":4},"end":{"line":21,"column":5}},"loc":{"start":{"line":21,"column":35},"end":{"line":35,"column":5}},"line":21},"2":{"name":"(anonymous_2)","decl":{"start":{"line":38,"column":4},"end":{"line":38,"column":5}},"loc":{"start":{"line":38,"column":34},"end":{"line":60,"column":5}},"line":38},"3":{"name":"(anonymous_3)","decl":{"start":{"line":63,"column":4},"end":{"line":63,"column":5}},"loc":{"start":{"line":63,"column":34},"end":{"line":79,"column":5}},"line":63},"4":{"name":"(anonymous_4)","decl":{"start":{"line":82,"column":4},"end":{"line":82,"column":5}},"loc":{"start":{"line":82,"column":34},"end":{"line":95,"column":5}},"line":82}},"branchMap":{"0":{"loc":{"start":{"line":27,"column":12},"end":{"line":29,"column":13}},"type":"if","locations":[{"start":{"line":27,"column":12},"end":{"line":29,"column":13}},{"start":{},"end":{}}],"line":27},"1":{"loc":{"start":{"line":44,"column":12},"end":{"line":46,"column":13}},"type":"if","locations":[{"start":{"line":44,"column":12},"end":{"line":46,"column":13}},{"start":{},"end":{}}],"line":44},"2":{"loc":{"start":{"line":67,"column":12},"end":{"line":69,"column":13}},"type":"if","locations":[{"start":{"line":67,"column":12},"end":{"line":69,"column":13}},{"start":{},"end":{}}],"line":67},"3":{"loc":{"start":{"line":86,"column":12},"end":{"line":88,"column":13}},"type":"if","locations":[{"start":{"line":86,"column":12},"end":{"line":88,"column":13}},{"start":{},"end":{}}],"line":86}},"s":{"0":6,"1":0,"2":0,"3":0,"4":0,"5":0,"6":0,"7":0,"8":0,"9":0,"10":0,"11":0,"12":0,"13":0,"14":0,"15":0,"16":0,"17":0,"18":0,"19":0,"20":0,"21":0,"22":0,"23":0,"24":0,"25":0,"26":0,"27":0,"28":0,"29":0,"30":0,"31":0,"32":0,"33":0,"34":0,"35":6},"f":{"0":0,"1":0,"2":0,"3":0,"4":0},"b":{"0":[0,0],"1":[0,0],"2":[0,0],"3":[0,0]},"_coverageSchema":"1a1c01bbd47fc00a2c39e90264f33305004495a9","hash":"3814e523ff1b80be5146f5f6bf026ac8a2378e1b"}
,"D:\\me\\movie-api\\src\\controllers\\favorite.controller.js": {"path":"D:\\me\\movie-api\\src\\controllers\\favorite.controller.js","statementMap":{"0":{"start":{"line":1,"column":35},"end":{"line":1,"column":58}},"1":{"start":{"line":6,"column":8},"end":{"line":22,"column":9}},"2":{"start":{"line":7,"column":30},"end":{"line":17,"column":14}},"3":{"start":{"line":19,"column":12},"end":{"line":19,"column":57}},"4":{"start":{"line":21,"column":12},"end":{"line":21,"column":77}},"5":{"start":{"line":27,"column":8},"end":{"line":55,"column":9}},"6":{"start":{"line":28,"column":32},"end":{"line":28,"column":42}},"7":{"start":{"line":31,"column":26},"end":{"line":31,"column":55}},"8":{"start":{"line":32,"column":12},"end":{"line":34,"column":13}},"9":{"start":{"line":33,"column":16},"end":{"line":33,"column":92}},"10":{"start":{"line":37,"column":37},"end":{"line":39,"column":14}},"11":{"start":{"line":41,"column":12},"end":{"line":45,"column":13}},"12":{"start":{"line":42,"column":16},"end":{"line":44,"column":85}},"13":{"start":{"line":47,"column":29},"end":{"line":50,"column":14}},"14":{"start":{"line":52,"column":12},"end":{"line":52,"column":68}},"15":{"start":{"line":54,"column":12},"end":{"line":54,"column":77}},"16":{"start":{"line":60,"column":8},"end":{"line":75,"column":9}},"17":{"start":{"line":61,"column":32},"end":{"line":61,"column":42}},"18":{"start":{"line":63,"column":29},"end":{"line":65,"column":14}},"19":{"start":{"line":67,"column":12},"end":{"line":69,"column":13}},"20":{"start":{"line":68,"column":16},"end":{"line":68,"column":95}},"21":{"start":{"line":71,"column":12},"end":{"line":71,"column":37}},"22":{"start":{"line":72,"column":12},"end":{"line":72,"column":75}},"23":{"start":{"line":74,"column":12},"end":{"line":74,"column":77}},"24":{"start":{"line":80,"column":8},"end":{"line":90,"column":9}},"25":{"start":{"line":81,"column":32},"end":{"line":81,"column":42}},"26":{"start":{"line":83,"column":29},"end":{"line":85,"column":14}},"27":{"start":{"line":87,"column":12},"end":{"line":87,"column":74}},"28":{"start":{"line":89,"column":12},"end":{"line":89,"column":77}},"29":{"start":{"line":94,"column":0},"end":{"line":94,"column":42}}},"fnMap":{"0":{"name":"(anonymous_0)","decl":{"start":{"line":5,"column":4},"end":{"line":5,"column":5}},"loc":{"start":{"line":5,"column":33},"end":{"line":23,"column":5}},"line":5},"1":{"name":"(anonymous_1)","decl":{"start":{"line":26,"column":4},"end":{"line":26,"column":5}},"loc":{"start":{"line":26,"column":32},"end":{"line":56,"column":5}},"line":26},"2":{"name":"(anonymous_2)","decl":{"start":{"line":59,"column":4},"end":{"line":59,"column":5}},"loc":{"start":{"line":59,"column":35},"end":{"line":76,"column":5}},"line":59},"3":{"name":"(anonymous_3)","decl":{"start":{"line":79,"column":4},"end":{"line":79,"column":5}},"loc":{"start":{"line":79,"column":34},"end":{"line":91,"column":5}},"line":79}},"branchMap":{"0":{"loc":{"start":{"line":32,"column":12},"end":{"line":34,"column":13}},"type":"if","locations":[{"start":{"line":32,"column":12},"end":{"line":34,"column":13}},{"start":{},"end":{}}],"line":32},"1":{"loc":{"start":{"line":41,"column":12},"end":{"line":45,"column":13}},"type":"if","locations":[{"start":{"line":41,"column":12},"end":{"line":45,"column":13}},{"start":{},"end":{}}],"line":41},"2":{"loc":{"start":{"line":67,"column":12},"end":{"line":69,"column":13}},"type":"if","locations":[{"start":{"line":67,"column":12},"end":{"line":69,"column":13}},{"start":{},"end":{}}],"line":67}},"s":{"0":6,"1":2,"2":2,"3":2,"4":0,"5":3,"6":3,"7":3,"8":3,"9":1,"10":2,"11":2,"12":1,"13":1,"14":1,"15":0,"16":2,"17":2,"18":2,"19":2,"20":1,"21":1,"22":1,"23":0,"24":2,"25":2,"26":2,"27":2,"28":0,"29":6},"f":{"0":2,"1":3,"2":2,"3":2},"b":{"0":[1,2],"1":[1,1],"2":[1,1]},"_coverageSchema":"1a1c01bbd47fc00a2c39e90264f33305004495a9","hash":"0eb38f5be2c4e59a71c757d87b09e60a76726f97"}
,"D:\\me\\movie-api\\src\\controllers\\genre.controller.js": {"path":"D:\\me\\movie-api\\src\\controllers\\genre.controller.js","statementMap":{"0":{"start":{"line":1,"column":18},"end":{"line":1,"column":41}},"1":{"start":{"line":6,"column":8},"end":{"line":14,"column":9}},"2":{"start":{"line":7,"column":27},"end":{"line":9,"column":14}},"3":{"start":{"line":11,"column":12},"end":{"line":11,"column":54}},"4":{"start":{"line":13,"column":12},"end":{"line":13,"column":77}},"5":{"start":{"line":19,"column":8},"end":{"line":29,"column":9}},"6":{"start":{"line":20,"column":26},"end":{"line":20,"column":61}},"7":{"start":{"line":22,"column":12},"end":{"line":24,"column":13}},"8":{"start":{"line":23,"column":16},"end":{"line":23,"column":92}},"9":{"start":{"line":26,"column":12},"end":{"line":26,"column":53}},"10":{"start":{"line":28,"column":12},"end":{"line":28,"column":77}},"11":{"start":{"line":34,"column":8},"end":{"line":42,"column":9}},"12":{"start":{"line":35,"column":42},"end":{"line":35,"column":50}},"13":{"start":{"line":37,"column":26},"end":{"line":37,"column":67}},"14":{"start":{"line":39,"column":12},"end":{"line":39,"column":65}},"15":{"start":{"line":41,"column":12},"end":{"line":41,"column":77}},"16":{"start":{"line":47,"column":8},"end":{"line":60,"column":9}},"17":{"start":{"line":48,"column":26},"end":{"line":48,"column":61}},"18":{"start":{"line":50,"column":12},"end":{"line":52,"column":13}},"19":{"start":{"line":51,"column":16},"end":{"line":51,"column":92}},"20":{"start":{"line":54,"column":42},"end":{"line":54,"column":50}},"21":{"start":{"line":55,"column":12},"end":{"line":55,"column":54}},"22":{"start":{"line":57,"column":12},"end":{"line":57,"column":53}},"23":{"start":{"line":59,"column":12},"end":{"line":59,"column":77}},"24":{"start":{"line":65,"column":8},"end":{"line":76,"column":9}},"25":{"start":{"line":66,"column":26},"end":{"line":66,"column":61}},"26":{"start":{"line":68,"column":12},"end":{"line":70,"column":13}},"27":{"start":{"line":69,"column":16},"end":{"line":69,"column":92}},"28":{"start":{"line":72,"column":12},"end":{"line":72,"column":34}},"29":{"start":{"line":73,"column":12},"end":{"line":73,"column":79}},"30":{"start":{"line":75,"column":12},"end":{"line":75,"column":77}},"31":{"start":{"line":80,"column":0},"end":{"line":80,"column":39}}},"fnMap":{"0":{"name":"(anonymous_0)","decl":{"start":{"line":5,"column":4},"end":{"line":5,"column":5}},"loc":{"start":{"line":5,"column":33},"end":{"line":15,"column":5}},"line":5},"1":{"name":"(anonymous_1)","decl":{"start":{"line":18,"column":4},"end":{"line":18,"column":5}},"loc":{"start":{"line":18,"column":33},"end":{"line":30,"column":5}},"line":18},"2":{"name":"(anonymous_2)","decl":{"start":{"line":33,"column":4},"end":{"line":33,"column":5}},"loc":{"start":{"line":33,"column":32},"end":{"line":43,"column":5}},"line":33},"3":{"name":"(anonymous_3)","decl":{"start":{"line":46,"column":4},"end":{"line":46,"column":5}},"loc":{"start":{"line":46,"column":32},"end":{"line":61,"column":5}},"line":46},"4":{"name":"(anonymous_4)","decl":{"start":{"line":64,"column":4},"end":{"line":64,"column":5}},"loc":{"start":{"line":64,"column":32},"end":{"line":77,"column":5}},"line":64}},"branchMap":{"0":{"loc":{"start":{"line":22,"column":12},"end":{"line":24,"column":13}},"type":"if","locations":[{"start":{"line":22,"column":12},"end":{"line":24,"column":13}},{"start":{},"end":{}}],"line":22},"1":{"loc":{"start":{"line":50,"column":12},"end":{"line":52,"column":13}},"type":"if","locations":[{"start":{"line":50,"column":12},"end":{"line":52,"column":13}},{"start":{},"end":{}}],"line":50},"2":{"loc":{"start":{"line":68,"column":12},"end":{"line":70,"column":13}},"type":"if","locations":[{"start":{"line":68,"column":12},"end":{"line":70,"column":13}},{"start":{},"end":{}}],"line":68}},"s":{"0":6,"1":2,"2":2,"3":2,"4":0,"5":2,"6":2,"7":2,"8":1,"9":1,"10":0,"11":1,"12":1,"13":1,"14":1,"15":0,"16":2,"17":2,"18":2,"19":1,"20":1,"21":1,"22":1,"23":0,"24":1,"25":1,"26":1,"27":0,"28":1,"29":1,"30":0,"31":6},"f":{"0":2,"1":2,"2":1,"3":2,"4":1},"b":{"0":[1,1],"1":[1,1],"2":[0,1]},"_coverageSchema":"1a1c01bbd47fc00a2c39e90264f33305004495a9","hash":"8d59b031e8aa277a28c82fcf7b7a9e18da30e6b9"}
,"D:\\me\\movie-api\\src\\controllers\\movie.controller.js": {"path":"D:\\me\\movie-api\\src\\controllers\\movie.controller.js","statementMap":{"0":{"start":{"line":1,"column":34},"end":{"line":1,"column":57}},"1":{"start":{"line":2,"column":50},"end":{"line":2,"column":69}},"2":{"start":{"line":7,"column":8},"end":{"line":50,"column":9}},"3":{"start":{"line":8,"column":30},"end":{"line":8,"column":39}},"4":{"start":{"line":11,"column":58},"end":{"line":27,"column":14}},"5":{"start":{"line":30,"column":12},"end":{"line":32,"column":13}},"6":{"start":{"line":31,"column":16},"end":{"line":31,"column":56}},"7":{"start":{"line":35,"column":28},"end":{"line":35,"column":89}},"8":{"start":{"line":38,"column":12},"end":{"line":40,"column":13}},"9":{"start":{"line":39,"column":16},"end":{"line":39,"column":49}},"10":{"start":{"line":42,"column":12},"end":{"line":42,"column":43}},"11":{"start":{"line":43,"column":12},"end":{"line":43,"column":41}},"12":{"start":{"line":45,"column":27},"end":{"line":45,"column":68}},"13":{"start":{"line":47,"column":12},"end":{"line":47,"column":71}},"14":{"start":{"line":49,"column":12},"end":{"line":49,"column":77}},"15":{"start":{"line":55,"column":8},"end":{"line":74,"column":9}},"16":{"start":{"line":56,"column":26},"end":{"line":62,"column":14}},"17":{"start":{"line":64,"column":12},"end":{"line":66,"column":13}},"18":{"start":{"line":65,"column":16},"end":{"line":65,"column":92}},"19":{"start":{"line":69,"column":12},"end":{"line":69,"column":43}},"20":{"start":{"line":71,"column":12},"end":{"line":71,"column":53}},"21":{"start":{"line":73,"column":12},"end":{"line":73,"column":77}},"22":{"start":{"line":79,"column":8},"end":{"line":114,"column":9}},"23":{"start":{"line":90,"column":16},"end":{"line":90,"column":24}},"24":{"start":{"line":92,"column":26},"end":{"line":101,"column":14}},"25":{"start":{"line":103,"column":12},"end":{"line":105,"column":13}},"26":{"start":{"line":104,"column":16},"end":{"line":104,"column":48}},"27":{"start":{"line":107,"column":36},"end":{"line":109,"column":14}},"28":{"start":{"line":111,"column":12},"end":{"line":111,"column":75}},"29":{"start":{"line":113,"column":12},"end":{"line":113,"column":77}},"30":{"start":{"line":119,"column":8},"end":{"line":160,"column":9}},"31":{"start":{"line":120,"column":26},"end":{"line":120,"column":61}},"32":{"start":{"line":122,"column":12},"end":{"line":124,"column":13}},"33":{"start":{"line":123,"column":16},"end":{"line":123,"column":92}},"34":{"start":{"line":136,"column":16},"end":{"line":136,"column":24}},"35":{"start":{"line":138,"column":12},"end":{"line":147,"column":15}},"36":{"start":{"line":149,"column":12},"end":{"line":151,"column":13}},"37":{"start":{"line":150,"column":16},"end":{"line":150,"column":48}},"38":{"start":{"line":153,"column":33},"end":{"line":155,"column":14}},"39":{"start":{"line":157,"column":12},"end":{"line":157,"column":60}},"40":{"start":{"line":159,"column":12},"end":{"line":159,"column":77}},"41":{"start":{"line":165,"column":8},"end":{"line":176,"column":9}},"42":{"start":{"line":166,"column":26},"end":{"line":166,"column":61}},"43":{"start":{"line":168,"column":12},"end":{"line":170,"column":13}},"44":{"start":{"line":169,"column":16},"end":{"line":169,"column":92}},"45":{"start":{"line":172,"column":12},"end":{"line":172,"column":34}},"46":{"start":{"line":173,"column":12},"end":{"line":173,"column":79}},"47":{"start":{"line":175,"column":12},"end":{"line":175,"column":77}},"48":{"start":{"line":180,"column":0},"end":{"line":180,"column":39}}},"fnMap":{"0":{"name":"(anonymous_0)","decl":{"start":{"line":6,"column":4},"end":{"line":6,"column":5}},"loc":{"start":{"line":6,"column":33},"end":{"line":51,"column":5}},"line":6},"1":{"name":"(anonymous_1)","decl":{"start":{"line":54,"column":4},"end":{"line":54,"column":5}},"loc":{"start":{"line":54,"column":33},"end":{"line":75,"column":5}},"line":54},"2":{"name":"(anonymous_2)","decl":{"start":{"line":78,"column":4},"end":{"line":78,"column":5}},"loc":{"start":{"line":78,"column":32},"end":{"line":115,"column":5}},"line":78},"3":{"name":"(anonymous_3)","decl":{"start":{"line":118,"column":4},"end":{"line":118,"column":5}},"loc":{"start":{"line":118,"column":32},"end":{"line":161,"column":5}},"line":118},"4":{"name":"(anonymous_4)","decl":{"start":{"line":164,"column":4},"end":{"line":164,"column":5}},"loc":{"start":{"line":164,"column":32},"end":{"line":177,"column":5}},"line":164}},"branchMap":{"0":{"loc":{"start":{"line":30,"column":12},"end":{"line":32,"column":13}},"type":"if","locations":[{"start":{"line":30,"column":12},"end":{"line":32,"column":13}},{"start":{},"end":{}}],"line":30},"1":{"loc":{"start":{"line":38,"column":12},"end":{"line":40,"column":13}},"type":"if","locations":[{"start":{"line":38,"column":12},"end":{"line":40,"column":13}},{"start":{},"end":{}}],"line":38},"2":{"loc":{"start":{"line":64,"column":12},"end":{"line":66,"column":13}},"type":"if","locations":[{"start":{"line":64,"column":12},"end":{"line":66,"column":13}},{"start":{},"end":{}}],"line":64},"3":{"loc":{"start":{"line":99,"column":22},"end":{"line":99,"column":38}},"type":"binary-expr","locations":[{"start":{"line":99,"column":22},"end":{"line":99,"column":26}},{"start":{"line":99,"column":30},"end":{"line":99,"column":38}}],"line":99},"4":{"loc":{"start":{"line":100,"column":24},"end":{"line":100,"column":41}},"type":"binary-expr","locations":[{"start":{"line":100,"column":24},"end":{"line":100,"column":30}},{"start":{"line":100,"column":34},"end":{"line":100,"column":41}}],"line":100},"5":{"loc":{"start":{"line":103,"column":12},"end":{"line":105,"column":13}},"type":"if","locations":[{"start":{"line":103,"column":12},"end":{"line":105,"column":13}},{"start":{},"end":{}}],"line":103},"6":{"loc":{"start":{"line":103,"column":16},"end":{"line":103,"column":47}},"type":"binary-expr","locations":[{"start":{"line":103,"column":16},"end":{"line":103,"column":24}},{"start":{"line":103,"column":28},"end":{"line":103,"column":47}}],"line":103},"7":{"loc":{"start":{"line":122,"column":12},"end":{"line":124,"column":13}},"type":"if","locations":[{"start":{"line":122,"column":12},"end":{"line":124,"column":13}},{"start":{},"end":{}}],"line":122},"8":{"loc":{"start":{"line":149,"column":12},"end":{"line":151,"column":13}},"type":"if","locations":[{"start":{"line":149,"column":12},"end":{"line":151,"column":13}},{"start":{},"end":{}}],"line":149},"9":{"loc":{"start":{"line":168,"column":12},"end":{"line":170,"column":13}},"type":"if","locations":[{"start":{"line":168,"column":12},"end":{"line":170,"column":13}},{"start":{},"end":{}}],"line":168}},"s":{"0":6,"1":6,"2":4,"3":4,"4":4,"5":4,"6":4,"7":4,"8":4,"9":0,"10":4,"11":4,"12":4,"13":4,"14":0,"15":2,"16":2,"17":2,"18":1,"19":1,"20":1,"21":0,"22":1,"23":1,"24":1,"25":1,"26":0,"27":1,"28":1,"29":0,"30":2,"31":2,"32":2,"33":1,"34":1,"35":1,"36":1,"37":0,"38":1,"39":1,"40":0,"41":2,"42":2,"43":2,"44":1,"45":1,"46":1,"47":0,"48":6},"f":{"0":4,"1":2,"2":1,"3":2,"4":2},"b":{"0":[4,0],"1":[0,4],"2":[1,1],"3":[1,0],"4":[1,1],"5":[0,1],"6":[1,0],"7":[1,1],"8":[0,1],"9":[1,1]},"_coverageSchema":"1a1c01bbd47fc00a2c39e90264f33305004495a9","hash":"a83f01fce6f8c157c8dfc4ba2d7042ad12e0098c"}
,"D:\\me\\movie-api\\src\\controllers\\user.controller.js": {"path":"D:\\me\\movie-api\\src\\controllers\\user.controller.js","statementMap":{"0":{"start":{"line":1,"column":17},"end":{"line":1,"column":40}},"1":{"start":{"line":2,"column":15},"end":{"line":2,"column":34}},"2":{"start":{"line":3,"column":36},"end":{"line":3,"column":55}},"3":{"start":{"line":8,"column":8},"end":{"line":20,"column":9}},"4":{"start":{"line":9,"column":25},"end":{"line":11,"column":14}},"5":{"start":{"line":13,"column":12},"end":{"line":15,"column":13}},"6":{"start":{"line":14,"column":16},"end":{"line":14,"column":91}},"7":{"start":{"line":17,"column":12},"end":{"line":17,"column":52}},"8":{"start":{"line":19,"column":12},"end":{"line":19,"column":77}},"9":{"start":{"line":25,"column":8},"end":{"line":51,"column":9}},"10":{"start":{"line":26,"column":25},"end":{"line":26,"column":57}},"11":{"start":{"line":28,"column":12},"end":{"line":30,"column":13}},"12":{"start":{"line":29,"column":16},"end":{"line":29,"column":91}},"13":{"start":{"line":32,"column":46},"end":{"line":32,"column":54}},"14":{"start":{"line":34,"column":31},"end":{"line":34,"column":33}},"15":{"start":{"line":35,"column":12},"end":{"line":35,"column":45}},"16":{"start":{"line":35,"column":22},"end":{"line":35,"column":45}},"17":{"start":{"line":36,"column":12},"end":{"line":36,"column":48}},"18":{"start":{"line":36,"column":23},"end":{"line":36,"column":48}},"19":{"start":{"line":37,"column":12},"end":{"line":40,"column":13}},"20":{"start":{"line":38,"column":29},"end":{"line":38,"column":53}},"21":{"start":{"line":39,"column":16},"end":{"line":39,"column":72}},"22":{"start":{"line":42,"column":12},"end":{"line":42,"column":42}},"23":{"start":{"line":44,"column":32},"end":{"line":46,"column":14}},"24":{"start":{"line":48,"column":12},"end":{"line":48,"column":59}},"25":{"start":{"line":50,"column":12},"end":{"line":50,"column":77}},"26":{"start":{"line":56,"column":8},"end":{"line":71,"column":9}},"27":{"start":{"line":57,"column":49},"end":{"line":62,"column":14}},"28":{"start":{"line":64,"column":12},"end":{"line":64,"column":64}},"29":{"start":{"line":66,"column":27},"end":{"line":66,"column":67}},"30":{"start":{"line":68,"column":12},"end":{"line":68,"column":71}},"31":{"start":{"line":70,"column":12},"end":{"line":70,"column":77}},"32":{"start":{"line":76,"column":8},"end":{"line":88,"column":9}},"33":{"start":{"line":77,"column":25},"end":{"line":79,"column":14}},"34":{"start":{"line":81,"column":12},"end":{"line":83,"column":13}},"35":{"start":{"line":82,"column":16},"end":{"line":82,"column":91}},"36":{"start":{"line":85,"column":12},"end":{"line":85,"column":52}},"37":{"start":{"line":87,"column":12},"end":{"line":87,"column":77}},"38":{"start":{"line":93,"column":8},"end":{"line":111,"column":9}},"39":{"start":{"line":94,"column":25},"end":{"line":94,"column":59}},"40":{"start":{"line":96,"column":12},"end":{"line":98,"column":13}},"41":{"start":{"line":97,"column":16},"end":{"line":97,"column":91}},"42":{"start":{"line":100,"column":42},"end":{"line":100,"column":50}},"43":{"start":{"line":102,"column":12},"end":{"line":102,"column":53}},"44":{"start":{"line":104,"column":32},"end":{"line":106,"column":14}},"45":{"start":{"line":108,"column":12},"end":{"line":108,"column":59}},"46":{"start":{"line":110,"column":12},"end":{"line":110,"column":77}},"47":{"start":{"line":116,"column":8},"end":{"line":132,"column":9}},"48":{"start":{"line":117,"column":25},"end":{"line":117,"column":59}},"49":{"start":{"line":119,"column":12},"end":{"line":121,"column":13}},"50":{"start":{"line":120,"column":16},"end":{"line":120,"column":91}},"51":{"start":{"line":124,"column":12},"end":{"line":126,"column":13}},"52":{"start":{"line":125,"column":16},"end":{"line":125,"column":99}},"53":{"start":{"line":128,"column":12},"end":{"line":128,"column":33}},"54":{"start":{"line":129,"column":12},"end":{"line":129,"column":78}},"55":{"start":{"line":131,"column":12},"end":{"line":131,"column":77}},"56":{"start":{"line":136,"column":0},"end":{"line":136,"column":38}}},"fnMap":{"0":{"name":"(anonymous_0)","decl":{"start":{"line":7,"column":4},"end":{"line":7,"column":5}},"loc":{"start":{"line":7,"column":31},"end":{"line":21,"column":5}},"line":7},"1":{"name":"(anonymous_1)","decl":{"start":{"line":24,"column":4},"end":{"line":24,"column":5}},"loc":{"start":{"line":24,"column":34},"end":{"line":52,"column":5}},"line":24},"2":{"name":"(anonymous_2)","decl":{"start":{"line":55,"column":4},"end":{"line":55,"column":5}},"loc":{"start":{"line":55,"column":32},"end":{"line":72,"column":5}},"line":55},"3":{"name":"(anonymous_3)","decl":{"start":{"line":75,"column":4},"end":{"line":75,"column":5}},"loc":{"start":{"line":75,"column":32},"end":{"line":89,"column":5}},"line":75},"4":{"name":"(anonymous_4)","decl":{"start":{"line":92,"column":4},"end":{"line":92,"column":5}},"loc":{"start":{"line":92,"column":31},"end":{"line":112,"column":5}},"line":92},"5":{"name":"(anonymous_5)","decl":{"start":{"line":115,"column":4},"end":{"line":115,"column":5}},"loc":{"start":{"line":115,"column":31},"end":{"line":133,"column":5}},"line":115}},"branchMap":{"0":{"loc":{"start":{"line":13,"column":12},"end":{"line":15,"column":13}},"type":"if","locations":[{"start":{"line":13,"column":12},"end":{"line":15,"column":13}},{"start":{},"end":{}}],"line":13},"1":{"loc":{"start":{"line":28,"column":12},"end":{"line":30,"column":13}},"type":"if","locations":[{"start":{"line":28,"column":12},"end":{"line":30,"column":13}},{"start":{},"end":{}}],"line":28},"2":{"loc":{"start":{"line":35,"column":12},"end":{"line":35,"column":45}},"type":"if","locations":[{"start":{"line":35,"column":12},"end":{"line":35,"column":45}},{"start":{},"end":{}}],"line":35},"3":{"loc":{"start":{"line":36,"column":12},"end":{"line":36,"column":48}},"type":"if","locations":[{"start":{"line":36,"column":12},"end":{"line":36,"column":48}},{"start":{},"end":{}}],"line":36},"4":{"loc":{"start":{"line":37,"column":12},"end":{"line":40,"column":13}},"type":"if","locations":[{"start":{"line":37,"column":12},"end":{"line":40,"column":13}},{"start":{},"end":{}}],"line":37},"5":{"loc":{"start":{"line":81,"column":12},"end":{"line":83,"column":13}},"type":"if","locations":[{"start":{"line":81,"column":12},"end":{"line":83,"column":13}},{"start":{},"end":{}}],"line":81},"6":{"loc":{"start":{"line":96,"column":12},"end":{"line":98,"column":13}},"type":"if","locations":[{"start":{"line":96,"column":12},"end":{"line":98,"column":13}},{"start":{},"end":{}}],"line":96},"7":{"loc":{"start":{"line":119,"column":12},"end":{"line":121,"column":13}},"type":"if","locations":[{"start":{"line":119,"column":12},"end":{"line":121,"column":13}},{"start":{},"end":{}}],"line":119},"8":{"loc":{"start":{"line":124,"column":12},"end":{"line":126,"column":13}},"type":"if","locations":[{"start":{"line":124,"column":12},"end":{"line":126,"column":13}},{"start":{},"end":{}}],"line":124}},"s":{"0":6,"1":6,"2":6,"3":1,"4":1,"5":1,"6":0,"7":1,"8":0,"9":1,"10":1,"11":1,"12":0,"13":1,"14":1,"15":1,"16":1,"17":1,"18":0,"19":1,"20":0,"21":0,"22":1,"23":1,"24":1,"25":0,"26":2,"27":2,"28":2,"29":2,"30":2,"31":0,"32":2,"33":2,"34":2,"35":1,"36":1,"37":0,"38":0,"39":0,"40":0,"41":0,"42":0,"43":0,"44":0,"45":0,"46":0,"47":2,"48":2,"49":2,"50":0,"51":2,"52":1,"53":1,"54":1,"55":0,"56":6},"f":{"0":1,"1":1,"2":2,"3":2,"4":0,"5":2},"b":{"0":[0,1],"1":[0,1],"2":[1,0],"3":[0,1],"4":[0,1],"5":[1,1],"6":[0,0],"7":[0,2],"8":[1,1]},"_coverageSchema":"1a1c01bbd47fc00a2c39e90264f33305004495a9","hash":"5d2f1a8356b816de4f3f8391e735a21a0cb174c6"}
,"D:\\me\\movie-api\\src\\middlewares\\auth.middleware.js": {"path":"D:\\me\\movie-api\\src\\middlewares\\auth.middleware.js","statementMap":{"0":{"start":{"line":1,"column":12},"end":{"line":1,"column":35}},"1":{"start":{"line":2,"column":17},"end":{"line":2,"column":40}},"2":{"start":{"line":5,"column":0},"end":{"line":38,"column":2}},"3":{"start":{"line":6,"column":4},"end":{"line":37,"column":5}},"4":{"start":{"line":8,"column":27},"end":{"line":8,"column":52}},"5":{"start":{"line":9,"column":8},"end":{"line":11,"column":9}},"6":{"start":{"line":10,"column":12},"end":{"line":10,"column":90}},"7":{"start":{"line":13,"column":22},"end":{"line":13,"column":46}},"8":{"start":{"line":16,"column":24},"end":{"line":16,"column":65}},"9":{"start":{"line":19,"column":21},"end":{"line":21,"column":10}},"10":{"start":{"line":23,"column":8},"end":{"line":25,"column":9}},"11":{"start":{"line":24,"column":12},"end":{"line":24,"column":87}},"12":{"start":{"line":27,"column":8},"end":{"line":27,"column":24}},"13":{"start":{"line":28,"column":8},"end":{"line":28,"column":15}},"14":{"start":{"line":30,"column":8},"end":{"line":32,"column":9}},"15":{"start":{"line":31,"column":12},"end":{"line":31,"column":86}},"16":{"start":{"line":33,"column":8},"end":{"line":35,"column":9}},"17":{"start":{"line":34,"column":12},"end":{"line":34,"column":86}},"18":{"start":{"line":36,"column":8},"end":{"line":36,"column":73}},"19":{"start":{"line":41,"column":0},"end":{"line":50,"column":2}},"20":{"start":{"line":42,"column":4},"end":{"line":49,"column":5}},"21":{"start":{"line":43,"column":8},"end":{"line":43,"column":15}},"22":{"start":{"line":45,"column":8},"end":{"line":48,"column":11}},"23":{"start":{"line":53,"column":0},"end":{"line":65,"column":2}},"24":{"start":{"line":54,"column":4},"end":{"line":64,"column":6}},"25":{"start":{"line":55,"column":31},"end":{"line":55,"column":62}},"26":{"start":{"line":56,"column":8},"end":{"line":63,"column":9}},"27":{"start":{"line":57,"column":12},"end":{"line":57,"column":19}},"28":{"start":{"line":59,"column":12},"end":{"line":62,"column":15}},"29":{"start":{"line":68,"column":0},"end":{"line":86,"column":2}},"30":{"start":{"line":69,"column":4},"end":{"line":85,"column":5}},"31":{"start":{"line":70,"column":27},"end":{"line":70,"column":52}},"32":{"start":{"line":71,"column":8},"end":{"line":80,"column":9}},"33":{"start":{"line":72,"column":26},"end":{"line":72,"column":50}},"34":{"start":{"line":73,"column":28},"end":{"line":73,"column":69}},"35":{"start":{"line":74,"column":25},"end":{"line":76,"column":14}},"36":{"start":{"line":77,"column":12},"end":{"line":77,"column":36}},"37":{"start":{"line":79,"column":12},"end":{"line":79,"column":28}},"38":{"start":{"line":81,"column":8},"end":{"line":81,"column":15}},"39":{"start":{"line":83,"column":8},"end":{"line":83,"column":24}},"40":{"start":{"line":84,"column":8},"end":{"line":84,"column":15}}},"fnMap":{"0":{"name":"(anonymous_0)","decl":{"start":{"line":5,"column":23},"end":{"line":5,"column":24}},"loc":{"start":{"line":5,"column":49},"end":{"line":38,"column":1}},"line":5},"1":{"name":"(anonymous_1)","decl":{"start":{"line":41,"column":18},"end":{"line":41,"column":19}},"loc":{"start":{"line":41,"column":38},"end":{"line":50,"column":1}},"line":41},"2":{"name":"(anonymous_2)","decl":{"start":{"line":53,"column":25},"end":{"line":53,"column":26}},"loc":{"start":{"line":53,"column":51},"end":{"line":65,"column":1}},"line":53},"3":{"name":"(anonymous_3)","decl":{"start":{"line":54,"column":11},"end":{"line":54,"column":12}},"loc":{"start":{"line":54,"column":31},"end":{"line":64,"column":5}},"line":54},"4":{"name":"(anonymous_4)","decl":{"start":{"line":68,"column":23},"end":{"line":68,"column":24}},"loc":{"start":{"line":68,"column":49},"end":{"line":86,"column":1}},"line":68}},"branchMap":{"0":{"loc":{"start":{"line":9,"column":8},"end":{"line":11,"column":9}},"type":"if","locations":[{"start":{"line":9,"column":8},"end":{"line":11,"column":9}},{"start":{},"end":{}}],"line":9},"1":{"loc":{"start":{"line":9,"column":12},"end":{"line":9,"column":60}},"type":"binary-expr","locations":[{"start":{"line":9,"column":12},"end":{"line":9,"column":23}},{"start":{"line":9,"column":27},"end":{"line":9,"column":60}}],"line":9},"2":{"loc":{"start":{"line":23,"column":8},"end":{"line":25,"column":9}},"type":"if","locations":[{"start":{"line":23,"column":8},"end":{"line":25,"column":9}},{"start":{},"end":{}}],"line":23},"3":{"loc":{"start":{"line":30,"column":8},"end":{"line":32,"column":9}},"type":"if","locations":[{"start":{"line":30,"column":8},"end":{"line":32,"column":9}},{"start":{},"end":{}}],"line":30},"4":{"loc":{"start":{"line":33,"column":8},"end":{"line":35,"column":9}},"type":"if","locations":[{"start":{"line":33,"column":8},"end":{"line":35,"column":9}},{"start":{},"end":{}}],"line":33},"5":{"loc":{"start":{"line":42,"column":4},"end":{"line":49,"column":5}},"type":"if","locations":[{"start":{"line":42,"column":4},"end":{"line":49,"column":5}},{"start":{"line":44,"column":11},"end":{"line":49,"column":5}}],"line":42},"6":{"loc":{"start":{"line":42,"column":8},"end":{"line":42,"column":45}},"type":"binary-expr","locations":[{"start":{"line":42,"column":8},"end":{"line":42,"column":16}},{"start":{"line":42,"column":20},"end":{"line":42,"column":45}}],"line":42},"7":{"loc":{"start":{"line":53,"column":26},"end":{"line":53,"column":46}},"type":"default-arg","locations":[{"start":{"line":53,"column":38},"end":{"line":53,"column":46}}],"line":53},"8":{"loc":{"start":{"line":56,"column":8},"end":{"line":63,"column":9}},"type":"if","locations":[{"start":{"line":56,"column":8},"end":{"line":63,"column":9}},{"start":{"line":58,"column":15},"end":{"line":63,"column":9}}],"line":56},"9":{"loc":{"start":{"line":56,"column":12},"end":{"line":56,"column":85}},"type":"binary-expr","locations":[{"start":{"line":56,"column":12},"end":{"line":56,"column":20}},{"start":{"line":56,"column":25},"end":{"line":56,"column":50}},{"start":{"line":56,"column":54},"end":{"line":56,"column":84}}],"line":56},"10":{"loc":{"start":{"line":71,"column":8},"end":{"line":80,"column":9}},"type":"if","locations":[{"start":{"line":71,"column":8},"end":{"line":80,"column":9}},{"start":{"line":78,"column":15},"end":{"line":80,"column":9}}],"line":71},"11":{"loc":{"start":{"line":71,"column":12},"end":{"line":71,"column":58}},"type":"binary-expr","locations":[{"start":{"line":71,"column":12},"end":{"line":71,"column":22}},{"start":{"line":71,"column":26},"end":{"line":71,"column":58}}],"line":71},"12":{"loc":{"start":{"line":77,"column":23},"end":{"line":77,"column":35}},"type":"binary-expr","locations":[{"start":{"line":77,"column":23},"end":{"line":77,"column":27}},{"start":{"line":77,"column":31},"end":{"line":77,"column":35}}],"line":77}},"s":{"0":6,"1":6,"2":6,"3":47,"4":47,"5":47,"6":6,"7":41,"8":41,"9":40,"10":40,"11":0,"12":40,"13":40,"14":1,"15":1,"16":0,"17":0,"18":0,"19":6,"20":21,"21":15,"22":6,"23":6,"24":0,"25":0,"26":0,"27":0,"28":0,"29":6,"30":0,"31":0,"32":0,"33":0,"34":0,"35":0,"36":0,"37":0,"38":0,"39":0,"40":0},"f":{"0":47,"1":21,"2":0,"3":0,"4":0},"b":{"0":[6,41],"1":[47,41],"2":[0,40],"3":[1,0],"4":[0,0],"5":[15,6],"6":[21,21],"7":[0],"8":[0,0],"9":[0,0,0],"10":[0,0],"11":[0,0],"12":[0,0]},"_coverageSchema":"1a1c01bbd47fc00a2c39e90264f33305004495a9","hash":"7665aa7a254c5c0509a4b96ee1befd70f78e85ab"}
,"D:\\me\\movie-api\\src\\routes\\auth.routes.js": {"path":"D:\\me\\movie-api\\src\\routes\\auth.routes.js","statementMap":{"0":{"start":{"line":1,"column":16},"end":{"line":1,"column":34}},"1":{"start":{"line":2,"column":15},"end":{"line":2,"column":31}},"2":{"start":{"line":3,"column":23},"end":{"line":3,"column":64}},"3":{"start":{"line":46,"column":0},"end":{"line":46,"column":50}},"4":{"start":{"line":78,"column":0},"end":{"line":78,"column":44}},"5":{"start":{"line":80,"column":0},"end":{"line":80,"column":24}}},"fnMap":{},"branchMap":{},"s":{"0":6,"1":6,"2":6,"3":6,"4":6,"5":6},"f":{},"b":{},"_coverageSchema":"1a1c01bbd47fc00a2c39e90264f33305004495a9","hash":"94b32f4f44c5f3f76d514f225494688fda821429"}
,"D:\\me\\movie-api\\src\\routes\\comment.routes.js": {"path":"D:\\me\\movie-api\\src\\routes\\comment.routes.js","statementMap":{"0":{"start":{"line":1,"column":16},"end":{"line":1,"column":34}},"1":{"start":{"line":2,"column":15},"end":{"line":2,"column":31}},"2":{"start":{"line":3,"column":26},"end":{"line":3,"column":70}},"3":{"start":{"line":4,"column":25},"end":{"line":4,"column":66}},"4":{"start":{"line":39,"column":0},"end":{"line":39,"column":68}},"5":{"start":{"line":67,"column":0},"end":{"line":67,"column":64}},"6":{"start":{"line":98,"column":0},"end":{"line":98,"column":66}},"7":{"start":{"line":118,"column":0},"end":{"line":118,"column":69}},"8":{"start":{"line":120,"column":0},"end":{"line":120,"column":24}}},"fnMap":{},"branchMap":{},"s":{"0":6,"1":6,"2":6,"3":6,"4":6,"5":6,"6":6,"7":6,"8":6},"f":{},"b":{},"_coverageSchema":"1a1c01bbd47fc00a2c39e90264f33305004495a9","hash":"c7fc5637f0c258959bf9c34753ac21a47027b40c"}
,"D:\\me\\movie-api\\src\\routes\\episode.routes.js": {"path":"D:\\me\\movie-api\\src\\routes\\episode.routes.js","statementMap":{"0":{"start":{"line":1,"column":16},"end":{"line":1,"column":34}},"1":{"start":{"line":2,"column":15},"end":{"line":2,"column":31}},"2":{"start":{"line":3,"column":26},"end":{"line":3,"column":70}},"3":{"start":{"line":4,"column":34},"end":{"line":4,"column":75}},"4":{"start":{"line":29,"column":0},"end":{"line":29,"column":68}},"5":{"start":{"line":47,"column":0},"end":{"line":47,"column":53}},"6":{"start":{"line":81,"column":0},"end":{"line":81,"column":73}},"7":{"start":{"line":116,"column":0},"end":{"line":116,"column":75}},"8":{"start":{"line":136,"column":0},"end":{"line":136,"column":78}},"9":{"start":{"line":138,"column":0},"end":{"line":138,"column":24}}},"fnMap":{},"branchMap":{},"s":{"0":6,"1":6,"2":6,"3":6,"4":6,"5":6,"6":6,"7":6,"8":6,"9":6},"f":{},"b":{},"_coverageSchema":"1a1c01bbd47fc00a2c39e90264f33305004495a9","hash":"a1fd3ecf75a662babce6fb0c2754da4d1100c13c"}
,"D:\\me\\movie-api\\src\\routes\\favorite.routes.js": {"path":"D:\\me\\movie-api\\src\\routes\\favorite.routes.js","statementMap":{"0":{"start":{"line":1,"column":16},"end":{"line":1,"column":34}},"1":{"start":{"line":2,"column":15},"end":{"line":2,"column":31}},"2":{"start":{"line":3,"column":27},"end":{"line":3,"column":72}},"3":{"start":{"line":4,"column":25},"end":{"line":4,"column":66}},"4":{"start":{"line":25,"column":0},"end":{"line":25,"column":63}},"5":{"start":{"line":45,"column":0},"end":{"line":45,"column":71}},"6":{"start":{"line":65,"column":0},"end":{"line":65,"column":76}},"7":{"start":{"line":85,"column":0},"end":{"line":85,"column":78}},"8":{"start":{"line":87,"column":0},"end":{"line":87,"column":24}}},"fnMap":{},"branchMap":{},"s":{"0":6,"1":6,"2":6,"3":6,"4":6,"5":6,"6":6,"7":6,"8":6},"f":{},"b":{},"_coverageSchema":"1a1c01bbd47fc00a2c39e90264f33305004495a9","hash":"b93f801ff5904fd7fad6b2307adf08c4bf109250"}
,"D:\\me\\movie-api\\src\\routes\\genre.routes.js": {"path":"D:\\me\\movie-api\\src\\routes\\genre.routes.js","statementMap":{"0":{"start":{"line":1,"column":16},"end":{"line":1,"column":34}},"1":{"start":{"line":2,"column":15},"end":{"line":2,"column":31}},"2":{"start":{"line":3,"column":24},"end":{"line":3,"column":66}},"3":{"start":{"line":4,"column":34},"end":{"line":4,"column":75}},"4":{"start":{"line":23,"column":0},"end":{"line":23,"column":46}},"5":{"start":{"line":43,"column":0},"end":{"line":43,"column":49}},"6":{"start":{"line":70,"column":0},"end":{"line":70,"column":69}},"7":{"start":{"line":101,"column":0},"end":{"line":101,"column":71}},"8":{"start":{"line":121,"column":0},"end":{"line":121,"column":74}},"9":{"start":{"line":123,"column":0},"end":{"line":123,"column":24}}},"fnMap":{},"branchMap":{},"s":{"0":6,"1":6,"2":6,"3":6,"4":6,"5":6,"6":6,"7":6,"8":6,"9":6},"f":{},"b":{},"_coverageSchema":"1a1c01bbd47fc00a2c39e90264f33305004495a9","hash":"4453ef4267680c08c8d76a165165f03e6d334902"}
,"D:\\me\\movie-api\\src\\routes\\index.js": {"path":"D:\\me\\movie-api\\src\\routes\\index.js","statementMap":{"0":{"start":{"line":1,"column":16},"end":{"line":1,"column":34}},"1":{"start":{"line":2,"column":15},"end":{"line":2,"column":31}},"2":{"start":{"line":4,"column":20},"end":{"line":4,"column":45}},"3":{"start":{"line":5,"column":20},"end":{"line":5,"column":45}},"4":{"start":{"line":6,"column":19},"end":{"line":6,"column":43}},"5":{"start":{"line":7,"column":19},"end":{"line":7,"column":43}},"6":{"start":{"line":8,"column":22},"end":{"line":8,"column":49}},"7":{"start":{"line":9,"column":23},"end":{"line":9,"column":51}},"8":{"start":{"line":10,"column":22},"end":{"line":10,"column":49}},"9":{"start":{"line":13,"column":0},"end":{"line":28,"column":3}},"10":{"start":{"line":14,"column":4},"end":{"line":27,"column":7}},"11":{"start":{"line":31,"column":0},"end":{"line":31,"column":32}},"12":{"start":{"line":32,"column":0},"end":{"line":32,"column":35}},"13":{"start":{"line":33,"column":0},"end":{"line":33,"column":35}},"14":{"start":{"line":34,"column":0},"end":{"line":34,"column":39}},"15":{"start":{"line":35,"column":0},"end":{"line":35,"column":41}},"16":{"start":{"line":36,"column":0},"end":{"line":36,"column":39}},"17":{"start":{"line":37,"column":0},"end":{"line":37,"column":33}},"18":{"start":{"line":39,"column":0},"end":{"line":39,"column":24}}},"fnMap":{"0":{"name":"(anonymous_0)","decl":{"start":{"line":13,"column":16},"end":{"line":13,"column":17}},"loc":{"start":{"line":13,"column":30},"end":{"line":28,"column":1}},"line":13}},"branchMap":{},"s":{"0":6,"1":6,"2":6,"3":6,"4":6,"5":6,"6":6,"7":6,"8":6,"9":6,"10":0,"11":6,"12":6,"13":6,"14":6,"15":6,"16":6,"17":6,"18":6},"f":{"0":0},"b":{},"_coverageSchema":"1a1c01bbd47fc00a2c39e90264f33305004495a9","hash":"3ee74d854f9663b0c2d7ad50e72a853f338a6349"}
,"D:\\me\\movie-api\\src\\routes\\movie.routes.js": {"path":"D:\\me\\movie-api\\src\\routes\\movie.routes.js","statementMap":{"0":{"start":{"line":1,"column":16},"end":{"line":1,"column":34}},"1":{"start":{"line":2,"column":15},"end":{"line":2,"column":31}},"2":{"start":{"line":3,"column":24},"end":{"line":3,"column":66}},"3":{"start":{"line":4,"column":34},"end":{"line":4,"column":75}},"4":{"start":{"line":57,"column":0},"end":{"line":57,"column":46}},"5":{"start":{"line":78,"column":0},"end":{"line":78,"column":49}},"6":{"start":{"line":127,"column":0},"end":{"line":127,"column":69}},"7":{"start":{"line":176,"column":0},"end":{"line":176,"column":71}},"8":{"start":{"line":196,"column":0},"end":{"line":196,"column":74}},"9":{"start":{"line":198,"column":0},"end":{"line":198,"column":24}}},"fnMap":{},"branchMap":{},"s":{"0":6,"1":6,"2":6,"3":6,"4":6,"5":6,"6":6,"7":6,"8":6,"9":6},"f":{},"b":{},"_coverageSchema":"1a1c01bbd47fc00a2c39e90264f33305004495a9","hash":"702ac64a3c4d0f56ee29185a8313ab33e60edf67"}
,"D:\\me\\movie-api\\src\\routes\\user.routes.js": {"path":"D:\\me\\movie-api\\src\\routes\\user.routes.js","statementMap":{"0":{"start":{"line":1,"column":16},"end":{"line":1,"column":34}},"1":{"start":{"line":2,"column":15},"end":{"line":2,"column":31}},"2":{"start":{"line":3,"column":23},"end":{"line":3,"column":64}},"3":{"start":{"line":4,"column":34},"end":{"line":4,"column":75}},"4":{"start":{"line":25,"column":0},"end":{"line":25,"column":64}},"5":{"start":{"line":52,"column":0},"end":{"line":52,"column":67}},"6":{"start":{"line":77,"column":0},"end":{"line":77,"column":67}},"7":{"start":{"line":97,"column":0},"end":{"line":97,"column":70}},"8":{"start":{"line":131,"column":0},"end":{"line":131,"column":69}},"9":{"start":{"line":151,"column":0},"end":{"line":151,"column":72}},"10":{"start":{"line":153,"column":0},"end":{"line":153,"column":24}}},"fnMap":{},"branchMap":{},"s":{"0":6,"1":6,"2":6,"3":6,"4":6,"5":6,"6":6,"7":6,"8":6,"9":6,"10":6},"f":{},"b":{},"_coverageSchema":"1a1c01bbd47fc00a2c39e90264f33305004495a9","hash":"db9dd1ef8dc2088234587af37e8e4480f6885444"}
,"D:\\me\\movie-api\\src\\utils\\apiFeatures.js": {"path":"D:\\me\\movie-api\\src\\utils\\apiFeatures.js","statementMap":{"0":{"start":{"line":6,"column":19},"end":{"line":6,"column":42}},"1":{"start":{"line":7,"column":21},"end":{"line":7,"column":46}},"2":{"start":{"line":8,"column":15},"end":{"line":8,"column":35}},"3":{"start":{"line":26,"column":12},"end":{"line":26,"column":19}},"4":{"start":{"line":29,"column":27},"end":{"line":29,"column":78}},"5":{"start":{"line":32,"column":24},"end":{"line":32,"column":45}},"6":{"start":{"line":35,"column":8},"end":{"line":37,"column":9}},"7":{"start":{"line":36,"column":12},"end":{"line":36,"column":58}},"8":{"start":{"line":40,"column":8},"end":{"line":44,"column":11}},"9":{"start":{"line":41,"column":12},"end":{"line":43,"column":13}},"10":{"start":{"line":42,"column":16},"end":{"line":42,"column":64}},"11":{"start":{"line":47,"column":8},"end":{"line":51,"column":9}},"12":{"start":{"line":48,"column":12},"end":{"line":48,"column":69}},"13":{"start":{"line":50,"column":12},"end":{"line":50,"column":56}},"14":{"start":{"line":53,"column":8},"end":{"line":57,"column":10}},"15":{"start":{"line":67,"column":32},"end":{"line":67,"column":38}},"16":{"start":{"line":68,"column":8},"end":{"line":68,"column":92}},"17":{"start":{"line":78,"column":8},"end":{"line":78,"column":48}},"18":{"start":{"line":78,"column":36},"end":{"line":78,"column":48}},"19":{"start":{"line":80,"column":8},"end":{"line":82,"column":9}},"20":{"start":{"line":81,"column":12},"end":{"line":81,"column":78}},"21":{"start":{"line":83,"column":8},"end":{"line":85,"column":9}},"22":{"start":{"line":84,"column":12},"end":{"line":84,"column":53}},"23":{"start":{"line":86,"column":8},"end":{"line":88,"column":9}},"24":{"start":{"line":87,"column":12},"end":{"line":87,"column":51}},"25":{"start":{"line":98,"column":22},"end":{"line":98,"column":24}},"26":{"start":{"line":100,"column":8},"end":{"line":141,"column":11}},"27":{"start":{"line":101,"column":26},"end":{"line":101,"column":41}},"28":{"start":{"line":102,"column":12},"end":{"line":102,"column":60}},"29":{"start":{"line":102,"column":53},"end":{"line":102,"column":60}},"30":{"start":{"line":104,"column":75},"end":{"line":104,"column":81}},"31":{"start":{"line":106,"column":30},"end":{"line":106,"column":35}},"32":{"start":{"line":109,"column":12},"end":{"line":124,"column":13}},"33":{"start":{"line":111,"column":20},"end":{"line":111,"column":50}},"34":{"start":{"line":112,"column":20},"end":{"line":112,"column":51}},"35":{"start":{"line":112,"column":44},"end":{"line":112,"column":51}},"36":{"start":{"line":113,"column":20},"end":{"line":113,"column":26}},"37":{"start":{"line":115,"column":20},"end":{"line":115,"column":68}},"38":{"start":{"line":116,"column":20},"end":{"line":116,"column":26}},"39":{"start":{"line":118,"column":20},"end":{"line":118,"column":82}},"40":{"start":{"line":119,"column":20},"end":{"line":119,"column":26}},"41":{"start":{"line":121,"column":20},"end":{"line":121,"column":50}},"42":{"start":{"line":122,"column":20},"end":{"line":122,"column":61}},"43":{"start":{"line":122,"column":54},"end":{"line":122,"column":61}},"44":{"start":{"line":123,"column":20},"end":{"line":123,"column":26}},"45":{"start":{"line":127,"column":30},"end":{"line":135,"column":13}},"46":{"start":{"line":128,"column":26},"end":{"line":128,"column":37}},"47":{"start":{"line":129,"column":29},"end":{"line":129,"column":62}},"48":{"start":{"line":130,"column":27},"end":{"line":130,"column":51}},"49":{"start":{"line":131,"column":28},"end":{"line":131,"column":53}},"50":{"start":{"line":132,"column":27},"end":{"line":132,"column":51}},"51":{"start":{"line":133,"column":28},"end":{"line":133,"column":53}},"52":{"start":{"line":134,"column":27},"end":{"line":134,"column":51}},"53":{"start":{"line":137,"column":28},"end":{"line":137,"column":47}},"54":{"start":{"line":138,"column":12},"end":{"line":140,"column":13}},"55":{"start":{"line":139,"column":16},"end":{"line":139,"column":41}},"56":{"start":{"line":143,"column":8},"end":{"line":143,"column":21}},"57":{"start":{"line":147,"column":0},"end":{"line":147,"column":29}}},"fnMap":{"0":{"name":"(anonymous_0)","decl":{"start":{"line":17,"column":4},"end":{"line":17,"column":5}},"loc":{"start":{"line":17,"column":47},"end":{"line":58,"column":5}},"line":17},"1":{"name":"(anonymous_1)","decl":{"start":{"line":40,"column":45},"end":{"line":40,"column":46}},"loc":{"start":{"line":40,"column":68},"end":{"line":44,"column":9}},"line":40},"2":{"name":"(anonymous_2)","decl":{"start":{"line":66,"column":4},"end":{"line":66,"column":5}},"loc":{"start":{"line":66,"column":58},"end":{"line":69,"column":5}},"line":66},"3":{"name":"(anonymous_3)","decl":{"start":{"line":77,"column":4},"end":{"line":77,"column":5}},"loc":{"start":{"line":77,"column":46},"end":{"line":89,"column":5}},"line":77},"4":{"name":"(anonymous_4)","decl":{"start":{"line":97,"column":4},"end":{"line":97,"column":5}},"loc":{"start":{"line":97,"column":39},"end":{"line":144,"column":5}},"line":97},"5":{"name":"(anonymous_5)","decl":{"start":{"line":100,"column":39},"end":{"line":100,"column":40}},"loc":{"start":{"line":100,"column":63},"end":{"line":141,"column":9}},"line":100},"6":{"name":"(anonymous_6)","decl":{"start":{"line":128,"column":20},"end":{"line":128,"column":21}},"loc":{"start":{"line":128,"column":26},"end":{"line":128,"column":37}},"line":128},"7":{"name":"(anonymous_7)","decl":{"start":{"line":129,"column":22},"end":{"line":129,"column":23}},"loc":{"start":{"line":129,"column":29},"end":{"line":129,"column":62}},"line":129},"8":{"name":"(anonymous_8)","decl":{"start":{"line":130,"column":20},"end":{"line":130,"column":21}},"loc":{"start":{"line":130,"column":27},"end":{"line":130,"column":51}},"line":130},"9":{"name":"(anonymous_9)","decl":{"start":{"line":131,"column":21},"end":{"line":131,"column":22}},"loc":{"start":{"line":131,"column":28},"end":{"line":131,"column":53}},"line":131},"10":{"name":"(anonymous_10)","decl":{"start":{"line":132,"column":20},"end":{"line":132,"column":21}},"loc":{"start":{"line":132,"column":27},"end":{"line":132,"column":51}},"line":132},"11":{"name":"(anonymous_11)","decl":{"start":{"line":133,"column":21},"end":{"line":133,"column":22}},"loc":{"start":{"line":133,"column":28},"end":{"line":133,"column":53}},"line":133},"12":{"name":"(anonymous_12)","decl":{"start":{"line":134,"column":20},"end":{"line":134,"column":21}},"loc":{"start":{"line":134,"column":27},"end":{"line":134,"column":51}},"line":134}},"branchMap":{"0":{"loc":{"start":{"line":17,"column":33},"end":{"line":17,"column":45}},"type":"default-arg","locations":[{"start":{"line":17,"column":43},"end":{"line":17,"column":45}}],"line":17},"1":{"loc":{"start":{"line":19,"column":12},"end":{"line":19,"column":29}},"type":"default-arg","locations":[{"start":{"line":19,"column":27},"end":{"line":19,"column":29}}],"line":19},"2":{"loc":{"start":{"line":20,"column":12},"end":{"line":20,"column":29}},"type":"default-arg","locations":[{"start":{"line":20,"column":27},"end":{"line":20,"column":29}}],"line":20},"3":{"loc":{"start":{"line":21,"column":12},"end":{"line":21,"column":37}},"type":"default-arg","locations":[{"start":{"line":21,"column":26},"end":{"line":21,"column":37}}],"line":21},"4":{"loc":{"start":{"line":22,"column":12},"end":{"line":22,"column":33}},"type":"default-arg","locations":[{"start":{"line":22,"column":27},"end":{"line":22,"column":33}}],"line":22},"5":{"loc":{"start":{"line":23,"column":12},"end":{"line":23,"column":34}},"type":"default-arg","locations":[{"start":{"line":23,"column":32},"end":{"line":23,"column":34}}],"line":23},"6":{"loc":{"start":{"line":24,"column":12},"end":{"line":24,"column":29}},"type":"default-arg","locations":[{"start":{"line":24,"column":27},"end":{"line":24,"column":29}}],"line":24},"7":{"loc":{"start":{"line":25,"column":12},"end":{"line":25,"column":26}},"type":"default-arg","locations":[{"start":{"line":25,"column":23},"end":{"line":25,"column":26}}],"line":25},"8":{"loc":{"start":{"line":35,"column":8},"end":{"line":37,"column":9}},"type":"if","locations":[{"start":{"line":35,"column":8},"end":{"line":37,"column":9}},{"start":{},"end":{}}],"line":35},"9":{"loc":{"start":{"line":35,"column":12},"end":{"line":35,"column":51}},"type":"binary-expr","locations":[{"start":{"line":35,"column":12},"end":{"line":35,"column":24}},{"start":{"line":35,"column":28},"end":{"line":35,"column":51}}],"line":35},"10":{"loc":{"start":{"line":41,"column":12},"end":{"line":43,"column":13}},"type":"if","locations":[{"start":{"line":41,"column":12},"end":{"line":43,"column":13}},{"start":{},"end":{}}],"line":41},"11":{"loc":{"start":{"line":47,"column":8},"end":{"line":51,"column":9}},"type":"if","locations":[{"start":{"line":47,"column":8},"end":{"line":51,"column":9}},{"start":{"line":49,"column":15},"end":{"line":51,"column":9}}],"line":47},"12":{"loc":{"start":{"line":78,"column":8},"end":{"line":78,"column":48}},"type":"if","locations":[{"start":{"line":78,"column":8},"end":{"line":78,"column":48}},{"start":{},"end":{}}],"line":78},"13":{"loc":{"start":{"line":78,"column":12},"end":{"line":78,"column":34}},"type":"binary-expr","locations":[{"start":{"line":78,"column":12},"end":{"line":78,"column":22}},{"start":{"line":78,"column":26},"end":{"line":78,"column":34}}],"line":78},"14":{"loc":{"start":{"line":80,"column":8},"end":{"line":82,"column":9}},"type":"if","locations":[{"start":{"line":80,"column":8},"end":{"line":82,"column":9}},{"start":{},"end":{}}],"line":80},"15":{"loc":{"start":{"line":80,"column":12},"end":{"line":80,"column":32}},"type":"binary-expr","locations":[{"start":{"line":80,"column":12},"end":{"line":80,"column":21}},{"start":{"line":80,"column":25},"end":{"line":80,"column":32}}],"line":80},"16":{"loc":{"start":{"line":83,"column":8},"end":{"line":85,"column":9}},"type":"if","locations":[{"start":{"line":83,"column":8},"end":{"line":85,"column":9}},{"start":{},"end":{}}],"line":83},"17":{"loc":{"start":{"line":86,"column":8},"end":{"line":88,"column":9}},"type":"if","locations":[{"start":{"line":86,"column":8},"end":{"line":88,"column":9}},{"start":{},"end":{}}],"line":86},"18":{"loc":{"start":{"line":102,"column":12},"end":{"line":102,"column":60}},"type":"if","locations":[{"start":{"line":102,"column":12},"end":{"line":102,"column":60}},{"start":{},"end":{}}],"line":102},"19":{"loc":{"start":{"line":102,"column":16},"end":{"line":102,"column":51}},"type":"binary-expr","locations":[{"start":{"line":102,"column":16},"end":{"line":102,"column":35}},{"start":{"line":102,"column":39},"end":{"line":102,"column":51}}],"line":102},"20":{"loc":{"start":{"line":104,"column":20},"end":{"line":104,"column":36}},"type":"default-arg","locations":[{"start":{"line":104,"column":28},"end":{"line":104,"column":36}}],"line":104},"21":{"loc":{"start":{"line":104,"column":38},"end":{"line":104,"column":53}},"type":"default-arg","locations":[{"start":{"line":104,"column":45},"end":{"line":104,"column":53}}],"line":104},"22":{"loc":{"start":{"line":104,"column":55},"end":{"line":104,"column":70}},"type":"default-arg","locations":[{"start":{"line":104,"column":66},"end":{"line":104,"column":70}}],"line":104},"23":{"loc":{"start":{"line":109,"column":12},"end":{"line":124,"column":13}},"type":"switch","locations":[{"start":{"line":110,"column":16},"end":{"line":113,"column":26}},{"start":{"line":114,"column":16},"end":{"line":116,"column":26}},{"start":{"line":117,"column":16},"end":{"line":119,"column":26}},{"start":{"line":120,"column":16},"end":{"line":123,"column":26}}],"line":109},"24":{"loc":{"start":{"line":112,"column":20},"end":{"line":112,"column":51}},"type":"if","locations":[{"start":{"line":112,"column":20},"end":{"line":112,"column":51}},{"start":{},"end":{}}],"line":112},"25":{"loc":{"start":{"line":115,"column":34},"end":{"line":115,"column":67}},"type":"binary-expr","locations":[{"start":{"line":115,"column":34},"end":{"line":115,"column":50}},{"start":{"line":115,"column":54},"end":{"line":115,"column":67}}],"line":115},"26":{"loc":{"start":{"line":118,"column":34},"end":{"line":118,"column":81}},"type":"cond-expr","locations":[{"start":{"line":118,"column":57},"end":{"line":118,"column":62}},{"start":{"line":118,"column":65},"end":{"line":118,"column":81}}],"line":118},"27":{"loc":{"start":{"line":122,"column":20},"end":{"line":122,"column":61}},"type":"if","locations":[{"start":{"line":122,"column":20},"end":{"line":122,"column":61}},{"start":{},"end":{}}],"line":122},"28":{"loc":{"start":{"line":138,"column":12},"end":{"line":140,"column":13}},"type":"if","locations":[{"start":{"line":138,"column":12},"end":{"line":140,"column":13}},{"start":{},"end":{}}],"line":138}},"s":{"0":6,"1":6,"2":6,"3":6,"4":6,"5":6,"6":6,"7":1,"8":6,"9":14,"10":1,"11":6,"12":0,"13":6,"14":6,"15":6,"16":6,"17":0,"18":0,"19":0,"20":0,"21":0,"22":0,"23":0,"24":0,"25":0,"26":0,"27":0,"28":0,"29":0,"30":0,"31":0,"32":0,"33":0,"34":0,"35":0,"36":0,"37":0,"38":0,"39":0,"40":0,"41":0,"42":0,"43":0,"44":0,"45":0,"46":0,"47":0,"48":0,"49":0,"50":0,"51":0,"52":0,"53":0,"54":0,"55":0,"56":0,"57":6},"f":{"0":6,"1":14,"2":6,"3":0,"4":0,"5":0,"6":0,"7":0,"8":0,"9":0,"10":0,"11":0,"12":0},"b":{"0":[0],"1":[0],"2":[0],"3":[0],"4":[0],"5":[2],"6":[6],"7":[6],"8":[1,5],"9":[6,1],"10":[1,13],"11":[0,6],"12":[0,0],"13":[0,0],"14":[0,0],"15":[0,0],"16":[0,0],"17":[0,0],"18":[0,0],"19":[0,0],"20":[0],"21":[0],"22":[0],"23":[0,0,0,0],"24":[0,0],"25":[0,0],"26":[0,0],"27":[0,0],"28":[0,0]},"_coverageSchema":"1a1c01bbd47fc00a2c39e90264f33305004495a9","hash":"fe30039c899af5e5b09a22e60bbe6eb269c22052"}
,"D:\\me\\movie-api\\src\\utils\\index.js": {"path":"D:\\me\\movie-api\\src\\utils\\index.js","statementMap":{"0":{"start":{"line":6,"column":19},"end":{"line":6,"column":42}},"1":{"start":{"line":7,"column":21},"end":{"line":7,"column":46}},"2":{"start":{"line":8,"column":20},"end":{"line":8,"column":44}},"3":{"start":{"line":9,"column":62},"end":{"line":9,"column":83}},"4":{"start":{"line":11,"column":0},"end":{"line":21,"column":2}}},"fnMap":{},"branchMap":{},"s":{"0":6,"1":6,"2":6,"3":6,"4":6},"f":{},"b":{},"_coverageSchema":"1a1c01bbd47fc00a2c39e90264f33305004495a9","hash":"02322067df4ebf4b016626385d04721fb7e9d1be"}
,"D:\\me\\movie-api\\src\\utils\\pagination.js": {"path":"D:\\me\\movie-api\\src\\utils\\pagination.js","statementMap":{"0":{"start":{"line":14,"column":71},"end":{"line":14,"column":78}},"1":{"start":{"line":16,"column":19},"end":{"line":16,"column":54}},"2":{"start":{"line":17,"column":20},"end":{"line":17,"column":57}},"3":{"start":{"line":20,"column":8},"end":{"line":20,"column":33}},"4":{"start":{"line":21,"column":8},"end":{"line":21,"column":55}},"5":{"start":{"line":23,"column":23},"end":{"line":23,"column":41}},"6":{"start":{"line":25,"column":8},"end":{"line":25,"column":39}},"7":{"start":{"line":36,"column":27},"end":{"line":36,"column":51}},"8":{"start":{"line":38,"column":8},"end":{"line":45,"column":10}},"9":{"start":{"line":57,"column":8},"end":{"line":61,"column":11}},"10":{"start":{"line":65,"column":0},"end":{"line":65,"column":28}}},"fnMap":{"0":{"name":"(anonymous_0)","decl":{"start":{"line":13,"column":4},"end":{"line":13,"column":5}},"loc":{"start":{"line":13,"column":38},"end":{"line":26,"column":5}},"line":13},"1":{"name":"(anonymous_1)","decl":{"start":{"line":35,"column":4},"end":{"line":35,"column":5}},"loc":{"start":{"line":35,"column":42},"end":{"line":46,"column":5}},"line":35},"2":{"name":"(anonymous_2)","decl":{"start":{"line":56,"column":4},"end":{"line":56,"column":5}},"loc":{"start":{"line":56,"column":55},"end":{"line":62,"column":5}},"line":56}},"branchMap":{"0":{"loc":{"start":{"line":13,"column":24},"end":{"line":13,"column":36}},"type":"default-arg","locations":[{"start":{"line":13,"column":34},"end":{"line":13,"column":36}}],"line":13},"1":{"loc":{"start":{"line":14,"column":16},"end":{"line":14,"column":31}},"type":"default-arg","locations":[{"start":{"line":14,"column":30},"end":{"line":14,"column":31}}],"line":14},"2":{"loc":{"start":{"line":14,"column":33},"end":{"line":14,"column":50}},"type":"default-arg","locations":[{"start":{"line":14,"column":48},"end":{"line":14,"column":50}}],"line":14},"3":{"loc":{"start":{"line":14,"column":52},"end":{"line":14,"column":66}},"type":"default-arg","locations":[{"start":{"line":14,"column":63},"end":{"line":14,"column":66}}],"line":14},"4":{"loc":{"start":{"line":16,"column":19},"end":{"line":16,"column":54}},"type":"binary-expr","locations":[{"start":{"line":16,"column":19},"end":{"line":16,"column":39}},{"start":{"line":16,"column":43},"end":{"line":16,"column":54}}],"line":16},"5":{"loc":{"start":{"line":17,"column":20},"end":{"line":17,"column":57}},"type":"binary-expr","locations":[{"start":{"line":17,"column":20},"end":{"line":17,"column":41}},{"start":{"line":17,"column":45},"end":{"line":17,"column":57}}],"line":17}},"s":{"0":15,"1":15,"2":15,"3":15,"4":15,"5":15,"6":15,"7":15,"8":15,"9":10,"10":7},"f":{"0":15,"1":15,"2":10},"b":{"0":[7],"1":[14],"2":[8],"3":[8],"4":[15,10],"5":[15,10]},"_coverageSchema":"1a1c01bbd47fc00a2c39e90264f33305004495a9","hash":"b9ba5151bf870f9fb519b297b5fd911b07a9413e"}
,"D:\\me\\movie-api\\src\\utils\\queryBuilder.js": {"path":"D:\\me\\movie-api\\src\\utils\\queryBuilder.js","statementMap":{"0":{"start":{"line":6,"column":15},"end":{"line":6,"column":35}},"1":{"start":{"line":10,"column":8},"end":{"line":10,"column":24}},"2":{"start":{"line":11,"column":8},"end":{"line":11,"column":26}},"3":{"start":{"line":12,"column":8},"end":{"line":12,"column":24}},"4":{"start":{"line":13,"column":8},"end":{"line":13,"column":31}},"5":{"start":{"line":24,"column":8},"end":{"line":26,"column":9}},"6":{"start":{"line":25,"column":12},"end":{"line":25,"column":24}},"7":{"start":{"line":28,"column":26},"end":{"line":42,"column":9}},"8":{"start":{"line":29,"column":22},"end":{"line":29,"column":27}},"9":{"start":{"line":30,"column":25},"end":{"line":30,"column":52}},"10":{"start":{"line":31,"column":31},"end":{"line":31,"column":57}},"11":{"start":{"line":32,"column":29},"end":{"line":32,"column":55}},"12":{"start":{"line":33,"column":23},"end":{"line":33,"column":41}},"13":{"start":{"line":34,"column":24},"end":{"line":34,"column":43}},"14":{"start":{"line":35,"column":23},"end":{"line":35,"column":41}},"15":{"start":{"line":36,"column":24},"end":{"line":36,"column":43}},"16":{"start":{"line":37,"column":23},"end":{"line":37,"column":74}},"17":{"start":{"line":38,"column":26},"end":{"line":38,"column":80}},"18":{"start":{"line":39,"column":28},"end":{"line":39,"column":51}},"19":{"start":{"line":40,"column":23},"end":{"line":40,"column":41}},"20":{"start":{"line":41,"column":23},"end":{"line":41,"column":41}},"21":{"start":{"line":44,"column":30},"end":{"line":44,"column":49}},"22":{"start":{"line":45,"column":8},"end":{"line":47,"column":9}},"23":{"start":{"line":46,"column":12},"end":{"line":46,"column":48}},"24":{"start":{"line":49,"column":8},"end":{"line":49,"column":20}},"25":{"start":{"line":59,"column":8},"end":{"line":61,"column":9}},"26":{"start":{"line":60,"column":12},"end":{"line":60,"column":24}},"27":{"start":{"line":63,"column":8},"end":{"line":65,"column":12}},"28":{"start":{"line":63,"column":51},"end":{"line":65,"column":9}},"29":{"start":{"line":67,"column":8},"end":{"line":67,"column":20}},"30":{"start":{"line":78,"column":27},"end":{"line":78,"column":52}},"31":{"start":{"line":79,"column":8},"end":{"line":79,"column":38}},"32":{"start":{"line":80,"column":8},"end":{"line":80,"column":20}},"33":{"start":{"line":90,"column":8},"end":{"line":90,"column":58}},"34":{"start":{"line":91,"column":8},"end":{"line":91,"column":20}},"35":{"start":{"line":101,"column":8},"end":{"line":103,"column":9}},"36":{"start":{"line":102,"column":12},"end":{"line":102,"column":24}},"37":{"start":{"line":105,"column":43},"end":{"line":105,"column":64}},"38":{"start":{"line":106,"column":28},"end":{"line":106,"column":57}},"39":{"start":{"line":108,"column":8},"end":{"line":110,"column":9}},"40":{"start":{"line":109,"column":12},"end":{"line":109,"column":50}},"41":{"start":{"line":112,"column":8},"end":{"line":112,"column":20}},"42":{"start":{"line":121,"column":8},"end":{"line":123,"column":9}},"43":{"start":{"line":122,"column":12},"end":{"line":122,"column":37}},"44":{"start":{"line":124,"column":8},"end":{"line":124,"column":20}},"45":{"start":{"line":133,"column":8},"end":{"line":135,"column":9}},"46":{"start":{"line":134,"column":12},"end":{"line":134,"column":50}},"47":{"start":{"line":136,"column":8},"end":{"line":136,"column":20}},"48":{"start":{"line":145,"column":24},"end":{"line":147,"column":9}},"49":{"start":{"line":149,"column":8},"end":{"line":151,"column":9}},"50":{"start":{"line":150,"column":12},"end":{"line":150,"column":43}},"51":{"start":{"line":153,"column":8},"end":{"line":155,"column":9}},"52":{"start":{"line":154,"column":12},"end":{"line":154,"column":39}},"53":{"start":{"line":157,"column":8},"end":{"line":159,"column":9}},"54":{"start":{"line":158,"column":12},"end":{"line":158,"column":49}},"55":{"start":{"line":161,"column":8},"end":{"line":164,"column":9}},"56":{"start":{"line":162,"column":12},"end":{"line":162,"column":45}},"57":{"start":{"line":163,"column":12},"end":{"line":163,"column":47}},"58":{"start":{"line":166,"column":8},"end":{"line":166,"column":23}},"59":{"start":{"line":175,"column":8},"end":{"line":178,"column":10}},"60":{"start":{"line":186,"column":8},"end":{"line":186,"column":34}},"61":{"start":{"line":190,"column":0},"end":{"line":190,"column":30}}},"fnMap":{"0":{"name":"(anonymous_0)","decl":{"start":{"line":9,"column":4},"end":{"line":9,"column":5}},"loc":{"start":{"line":9,"column":18},"end":{"line":14,"column":5}},"line":9},"1":{"name":"(anonymous_1)","decl":{"start":{"line":23,"column":4},"end":{"line":23,"column":5}},"loc":{"start":{"line":23,"column":44},"end":{"line":50,"column":5}},"line":23},"2":{"name":"(anonymous_2)","decl":{"start":{"line":29,"column":16},"end":{"line":29,"column":17}},"loc":{"start":{"line":29,"column":22},"end":{"line":29,"column":27}},"line":29},"3":{"name":"(anonymous_3)","decl":{"start":{"line":30,"column":18},"end":{"line":30,"column":19}},"loc":{"start":{"line":30,"column":25},"end":{"line":30,"column":52}},"line":30},"4":{"name":"(anonymous_4)","decl":{"start":{"line":31,"column":24},"end":{"line":31,"column":25}},"loc":{"start":{"line":31,"column":31},"end":{"line":31,"column":57}},"line":31},"5":{"name":"(anonymous_5)","decl":{"start":{"line":32,"column":22},"end":{"line":32,"column":23}},"loc":{"start":{"line":32,"column":29},"end":{"line":32,"column":55}},"line":32},"6":{"name":"(anonymous_6)","decl":{"start":{"line":33,"column":16},"end":{"line":33,"column":17}},"loc":{"start":{"line":33,"column":23},"end":{"line":33,"column":41}},"line":33},"7":{"name":"(anonymous_7)","decl":{"start":{"line":34,"column":17},"end":{"line":34,"column":18}},"loc":{"start":{"line":34,"column":24},"end":{"line":34,"column":43}},"line":34},"8":{"name":"(anonymous_8)","decl":{"start":{"line":35,"column":16},"end":{"line":35,"column":17}},"loc":{"start":{"line":35,"column":23},"end":{"line":35,"column":41}},"line":35},"9":{"name":"(anonymous_9)","decl":{"start":{"line":36,"column":17},"end":{"line":36,"column":18}},"loc":{"start":{"line":36,"column":24},"end":{"line":36,"column":43}},"line":36},"10":{"name":"(anonymous_10)","decl":{"start":{"line":37,"column":16},"end":{"line":37,"column":17}},"loc":{"start":{"line":37,"column":23},"end":{"line":37,"column":74}},"line":37},"11":{"name":"(anonymous_11)","decl":{"start":{"line":38,"column":19},"end":{"line":38,"column":20}},"loc":{"start":{"line":38,"column":26},"end":{"line":38,"column":80}},"line":38},"12":{"name":"(anonymous_12)","decl":{"start":{"line":39,"column":21},"end":{"line":39,"column":22}},"loc":{"start":{"line":39,"column":28},"end":{"line":39,"column":51}},"line":39},"13":{"name":"(anonymous_13)","decl":{"start":{"line":40,"column":16},"end":{"line":40,"column":17}},"loc":{"start":{"line":40,"column":23},"end":{"line":40,"column":41}},"line":40},"14":{"name":"(anonymous_14)","decl":{"start":{"line":41,"column":16},"end":{"line":41,"column":17}},"loc":{"start":{"line":41,"column":23},"end":{"line":41,"column":41}},"line":41},"15":{"name":"(anonymous_15)","decl":{"start":{"line":58,"column":4},"end":{"line":58,"column":5}},"loc":{"start":{"line":58,"column":31},"end":{"line":68,"column":5}},"line":58},"16":{"name":"(anonymous_16)","decl":{"start":{"line":63,"column":39},"end":{"line":63,"column":40}},"loc":{"start":{"line":63,"column":51},"end":{"line":65,"column":9}},"line":63},"17":{"name":"(anonymous_17)","decl":{"start":{"line":77,"column":4},"end":{"line":77,"column":5}},"loc":{"start":{"line":77,"column":40},"end":{"line":81,"column":5}},"line":77},"18":{"name":"(anonymous_18)","decl":{"start":{"line":89,"column":4},"end":{"line":89,"column":5}},"loc":{"start":{"line":89,"column":39},"end":{"line":92,"column":5}},"line":89},"19":{"name":"(anonymous_19)","decl":{"start":{"line":100,"column":4},"end":{"line":100,"column":5}},"loc":{"start":{"line":100,"column":54},"end":{"line":113,"column":5}},"line":100},"20":{"name":"(anonymous_20)","decl":{"start":{"line":120,"column":4},"end":{"line":120,"column":5}},"loc":{"start":{"line":120,"column":26},"end":{"line":125,"column":5}},"line":120},"21":{"name":"(anonymous_21)","decl":{"start":{"line":132,"column":4},"end":{"line":132,"column":5}},"loc":{"start":{"line":132,"column":30},"end":{"line":137,"column":5}},"line":132},"22":{"name":"(anonymous_22)","decl":{"start":{"line":144,"column":4},"end":{"line":144,"column":5}},"loc":{"start":{"line":144,"column":29},"end":{"line":167,"column":5}},"line":144},"23":{"name":"(anonymous_23)","decl":{"start":{"line":174,"column":4},"end":{"line":174,"column":5}},"loc":{"start":{"line":174,"column":37},"end":{"line":179,"column":5}},"line":174},"24":{"name":"(anonymous_24)","decl":{"start":{"line":185,"column":4},"end":{"line":185,"column":5}},"loc":{"start":{"line":185,"column":20},"end":{"line":187,"column":5}},"line":185}},"branchMap":{"0":{"loc":{"start":{"line":23,"column":27},"end":{"line":23,"column":42}},"type":"default-arg","locations":[{"start":{"line":23,"column":38},"end":{"line":23,"column":42}}],"line":23},"1":{"loc":{"start":{"line":24,"column":8},"end":{"line":26,"column":9}},"type":"if","locations":[{"start":{"line":24,"column":8},"end":{"line":26,"column":9}},{"start":{},"end":{}}],"line":24},"2":{"loc":{"start":{"line":24,"column":12},"end":{"line":24,"column":65}},"type":"binary-expr","locations":[{"start":{"line":24,"column":12},"end":{"line":24,"column":31}},{"start":{"line":24,"column":35},"end":{"line":24,"column":49}},{"start":{"line":24,"column":53},"end":{"line":24,"column":65}}],"line":24},"3":{"loc":{"start":{"line":37,"column":34},"end":{"line":37,"column":72}},"type":"cond-expr","locations":[{"start":{"line":37,"column":57},"end":{"line":37,"column":62}},{"start":{"line":37,"column":65},"end":{"line":37,"column":72}}],"line":37},"4":{"loc":{"start":{"line":38,"column":40},"end":{"line":38,"column":78}},"type":"cond-expr","locations":[{"start":{"line":38,"column":63},"end":{"line":38,"column":68}},{"start":{"line":38,"column":71},"end":{"line":38,"column":78}}],"line":38},"5":{"loc":{"start":{"line":45,"column":8},"end":{"line":47,"column":9}},"type":"if","locations":[{"start":{"line":45,"column":8},"end":{"line":47,"column":9}},{"start":{},"end":{}}],"line":45},"6":{"loc":{"start":{"line":59,"column":8},"end":{"line":61,"column":9}},"type":"if","locations":[{"start":{"line":59,"column":8},"end":{"line":61,"column":9}},{"start":{},"end":{}}],"line":59},"7":{"loc":{"start":{"line":59,"column":12},"end":{"line":59,"column":54}},"type":"binary-expr","locations":[{"start":{"line":59,"column":12},"end":{"line":59,"column":20}},{"start":{"line":59,"column":24},"end":{"line":59,"column":31}},{"start":{"line":59,"column":35},"end":{"line":59,"column":54}}],"line":59},"8":{"loc":{"start":{"line":77,"column":26},"end":{"line":77,"column":38}},"type":"default-arg","locations":[{"start":{"line":77,"column":36},"end":{"line":77,"column":38}}],"line":77},"9":{"loc":{"start":{"line":89,"column":20},"end":{"line":89,"column":37}},"type":"default-arg","locations":[{"start":{"line":89,"column":32},"end":{"line":89,"column":37}}],"line":89},"10":{"loc":{"start":{"line":100,"column":34},"end":{"line":100,"column":52}},"type":"default-arg","locations":[{"start":{"line":100,"column":50},"end":{"line":100,"column":52}}],"line":100},"11":{"loc":{"start":{"line":101,"column":8},"end":{"line":103,"column":9}},"type":"if","locations":[{"start":{"line":101,"column":8},"end":{"line":103,"column":9}},{"start":{},"end":{}}],"line":101},"12":{"loc":{"start":{"line":105,"column":22},"end":{"line":105,"column":39}},"type":"default-arg","locations":[{"start":{"line":105,"column":34},"end":{"line":105,"column":39}}],"line":105},"13":{"loc":{"start":{"line":106,"column":28},"end":{"line":106,"column":57}},"type":"binary-expr","locations":[{"start":{"line":106,"column":28},"end":{"line":106,"column":48}},{"start":{"line":106,"column":52},"end":{"line":106,"column":57}}],"line":106},"14":{"loc":{"start":{"line":108,"column":8},"end":{"line":110,"column":9}},"type":"if","locations":[{"start":{"line":108,"column":8},"end":{"line":110,"column":9}},{"start":{},"end":{}}],"line":108},"15":{"loc":{"start":{"line":121,"column":8},"end":{"line":123,"column":9}},"type":"if","locations":[{"start":{"line":121,"column":8},"end":{"line":123,"column":9}},{"start":{},"end":{}}],"line":121},"16":{"loc":{"start":{"line":121,"column":12},"end":{"line":121,"column":39}},"type":"binary-expr","locations":[{"start":{"line":121,"column":12},"end":{"line":121,"column":18}},{"start":{"line":121,"column":22},"end":{"line":121,"column":39}}],"line":121},"17":{"loc":{"start":{"line":133,"column":8},"end":{"line":135,"column":9}},"type":"if","locations":[{"start":{"line":133,"column":8},"end":{"line":135,"column":9}},{"start":{},"end":{}}],"line":133},"18":{"loc":{"start":{"line":133,"column":12},"end":{"line":133,"column":39}},"type":"binary-expr","locations":[{"start":{"line":133,"column":12},"end":{"line":133,"column":18}},{"start":{"line":133,"column":22},"end":{"line":133,"column":39}}],"line":133},"19":{"loc":{"start":{"line":144,"column":10},"end":{"line":144,"column":27}},"type":"default-arg","locations":[{"start":{"line":144,"column":23},"end":{"line":144,"column":27}}],"line":144},"20":{"loc":{"start":{"line":149,"column":8},"end":{"line":151,"column":9}},"type":"if","locations":[{"start":{"line":149,"column":8},"end":{"line":151,"column":9}},{"start":{},"end":{}}],"line":149},"21":{"loc":{"start":{"line":153,"column":8},"end":{"line":155,"column":9}},"type":"if","locations":[{"start":{"line":153,"column":8},"end":{"line":155,"column":9}},{"start":{},"end":{}}],"line":153},"22":{"loc":{"start":{"line":157,"column":8},"end":{"line":159,"column":9}},"type":"if","locations":[{"start":{"line":157,"column":8},"end":{"line":159,"column":9}},{"start":{},"end":{}}],"line":157},"23":{"loc":{"start":{"line":161,"column":8},"end":{"line":164,"column":9}},"type":"if","locations":[{"start":{"line":161,"column":8},"end":{"line":164,"column":9}},{"start":{},"end":{}}],"line":161},"24":{"loc":{"start":{"line":174,"column":18},"end":{"line":174,"column":35}},"type":"default-arg","locations":[{"start":{"line":174,"column":31},"end":{"line":174,"column":35}}],"line":174}},"s":{"0":7,"1":25,"2":25,"3":25,"4":25,"5":10,"6":3,"7":7,"8":4,"9":1,"10":0,"11":0,"12":1,"13":0,"14":0,"15":0,"16":1,"17":0,"18":0,"19":0,"20":0,"21":7,"22":7,"23":7,"24":7,"25":3,"26":1,"27":2,"28":4,"29":2,"30":0,"31":0,"32":0,"33":12,"34":12,"35":3,"36":0,"37":3,"38":3,"39":3,"40":3,"41":3,"42":1,"43":1,"44":1,"45":1,"46":1,"47":1,"48":24,"49":24,"50":0,"51":24,"52":11,"53":24,"54":2,"55":24,"56":7,"57":7,"58":24,"59":1,"60":25,"61":7},"f":{"0":25,"1":10,"2":4,"3":1,"4":0,"5":0,"6":1,"7":0,"8":0,"9":0,"10":1,"11":0,"12":0,"13":0,"14":0,"15":3,"16":4,"17":0,"18":12,"19":3,"20":1,"21":1,"22":24,"23":1,"24":25},"b":{"0":[6],"1":[3,7],"2":[10,9,8],"3":[1,0],"4":[0,0],"5":[7,0],"6":[1,2],"7":[3,2,2],"8":[0],"9":[0],"10":[2],"11":[0,3],"12":[1],"13":[3,2],"14":[3,0],"15":[1,0],"16":[1,1],"17":[1,0],"18":[1,1],"19":[16],"20":[0,24],"21":[11,13],"22":[2,22],"23":[7,17],"24":[1]},"_coverageSchema":"1a1c01bbd47fc00a2c39e90264f33305004495a9","hash":"2d6e25c83fe033951890a93b36331ec0f9ab783e"}
,"D:\\me\\movie-api\\src\\utils\\response.js": {"path":"D:\\me\\movie-api\\src\\utils\\response.js","statementMap":{"0":{"start":{"line":2,"column":0},"end":{"line":8,"column":2}},"1":{"start":{"line":3,"column":4},"end":{"line":7,"column":7}},"2":{"start":{"line":11,"column":0},"end":{"line":16,"column":2}},"3":{"start":{"line":12,"column":4},"end":{"line":15,"column":7}},"4":{"start":{"line":19,"column":0},"end":{"line":26,"column":2}},"5":{"start":{"line":20,"column":4},"end":{"line":25,"column":7}}},"fnMap":{"0":{"name":"(anonymous_0)","decl":{"start":{"line":2,"column":26},"end":{"line":2,"column":27}},"loc":{"start":{"line":2,"column":80},"end":{"line":8,"column":1}},"line":2},"1":{"name":"(anonymous_1)","decl":{"start":{"line":11,"column":24},"end":{"line":11,"column":25}},"loc":{"start":{"line":11,"column":70},"end":{"line":16,"column":1}},"line":11},"2":{"name":"(anonymous_2)","decl":{"start":{"line":19,"column":28},"end":{"line":19,"column":29}},"loc":{"start":{"line":19,"column":76},"end":{"line":26,"column":1}},"line":19}},"branchMap":{"0":{"loc":{"start":{"line":2,"column":38},"end":{"line":2,"column":57}},"type":"default-arg","locations":[{"start":{"line":2,"column":48},"end":{"line":2,"column":57}}],"line":2},"1":{"loc":{"start":{"line":2,"column":59},"end":{"line":2,"column":75}},"type":"default-arg","locations":[{"start":{"line":2,"column":72},"end":{"line":2,"column":75}}],"line":2},"2":{"loc":{"start":{"line":11,"column":30},"end":{"line":11,"column":47}},"type":"default-arg","locations":[{"start":{"line":11,"column":40},"end":{"line":11,"column":47}}],"line":11},"3":{"loc":{"start":{"line":11,"column":49},"end":{"line":11,"column":65}},"type":"default-arg","locations":[{"start":{"line":11,"column":62},"end":{"line":11,"column":65}}],"line":11},"4":{"loc":{"start":{"line":19,"column":52},"end":{"line":19,"column":71}},"type":"default-arg","locations":[{"start":{"line":19,"column":62},"end":{"line":19,"column":71}}],"line":19}},"s":{"0":6,"1":0,"2":6,"3":0,"4":6,"5":0},"f":{"0":0,"1":0,"2":0},"b":{"0":[0],"1":[0],"2":[0],"3":[0],"4":[0]},"_coverageSchema":"1a1c01bbd47fc00a2c39e90264f33305004495a9","hash":"c54f76138d7ca999845dfa1ea6ecc837ebfc710e"}
}
