TN:
SF:src\app.js
FN:25,(anonymous_0)
FN:30,(anonymous_1)
FN:38,(anonymous_2)
FNF:3
FNH:0
FNDA:0,(anonymous_0)
FNDA:0,(anonymous_1)
FNDA:0,(anonymous_2)
DA:1,6
DA:2,6
DA:3,6
DA:4,6
DA:5,6
DA:6,6
DA:7,6
DA:9,6
DA:12,6
DA:13,6
DA:14,6
DA:15,6
DA:16,6
DA:19,6
DA:22,6
DA:25,6
DA:26,0
DA:30,6
DA:31,0
DA:38,6
DA:39,0
DA:40,0
DA:46,6
LF:23
LH:19
BRDA:40,0,0,0
BRDA:40,0,1,0
BRDA:42,1,0,0
BRDA:42,1,1,0
BRF:4
BRH:0
end_of_record
TN:
SF:src\controllers\auth.controller.js
FN:7,(anonymous_0)
FN:54,(anonymous_1)
FNF:2
FNH:2
FNDA:3,(anonymous_0)
FNDA:3,(anonymous_1)
DA:1,6
DA:2,6
DA:3,6
DA:8,3
DA:9,3
DA:12,3
DA:13,2
DA:14,1
DA:21,1
DA:22,1
DA:25,1
DA:32,1
DA:36,1
DA:49,1
DA:55,3
DA:56,3
DA:59,3
DA:60,3
DA:61,1
DA:68,2
DA:69,2
DA:70,1
DA:77,1
DA:81,1
DA:94,0
DA:99,6
LF:26
LH:25
BRDA:13,0,0,1
BRDA:13,0,1,1
BRDA:60,1,0,1
BRDA:60,1,1,2
BRDA:69,2,0,1
BRDA:69,2,1,1
BRF:6
BRH:6
end_of_record
TN:
SF:src\controllers\comment.controller.js
FN:6,(anonymous_0)
FN:33,(anonymous_1)
FN:66,(anonymous_2)
FN:99,(anonymous_3)
FNF:4
FNH:4
FNDA:3,(anonymous_0)
FNDA:2,(anonymous_1)
FNDA:3,(anonymous_2)
FNDA:3,(anonymous_3)
DA:1,6
DA:2,6
DA:7,3
DA:8,3
DA:10,3
DA:12,3
DA:26,3
DA:28,0
DA:34,2
DA:35,2
DA:38,2
DA:39,2
DA:40,1
DA:43,1
DA:49,1
DA:59,1
DA:61,0
DA:67,3
DA:68,3
DA:70,3
DA:71,1
DA:75,2
DA:76,1
DA:79,1
DA:80,1
DA:82,1
DA:92,1
DA:94,0
DA:100,3
DA:101,3
DA:103,3
DA:104,0
DA:108,3
DA:109,1
DA:112,2
DA:113,2
DA:115,0
DA:120,6
LF:38
LH:33
BRDA:39,0,0,1
BRDA:39,0,1,1
BRDA:70,1,0,1
BRDA:70,1,1,2
BRDA:75,2,0,1
BRDA:75,2,1,1
BRDA:103,3,0,0
BRDA:103,3,1,3
BRDA:108,4,0,1
BRDA:108,4,1,2
BRDA:108,5,0,3
BRDA:108,5,1,2
BRF:12
BRH:11
end_of_record
TN:
SF:src\controllers\episode.controller.js
FN:5,(anonymous_0)
FN:21,(anonymous_1)
FN:38,(anonymous_2)
FN:63,(anonymous_3)
FN:82,(anonymous_4)
FNF:5
FNH:0
FNDA:0,(anonymous_0)
FNDA:0,(anonymous_1)
FNDA:0,(anonymous_2)
FNDA:0,(anonymous_3)
FNDA:0,(anonymous_4)
DA:1,6
DA:6,0
DA:7,0
DA:9,0
DA:14,0
DA:16,0
DA:22,0
DA:23,0
DA:27,0
DA:28,0
DA:31,0
DA:33,0
DA:39,0
DA:40,0
DA:43,0
DA:44,0
DA:45,0
DA:48,0
DA:56,0
DA:58,0
DA:64,0
DA:65,0
DA:67,0
DA:68,0
DA:71,0
DA:73,0
DA:75,0
DA:77,0
DA:83,0
DA:84,0
DA:86,0
DA:87,0
DA:90,0
DA:91,0
DA:93,0
DA:98,6
LF:36
LH:2
BRDA:27,0,0,0
BRDA:27,0,1,0
BRDA:44,1,0,0
BRDA:44,1,1,0
BRDA:67,2,0,0
BRDA:67,2,1,0
BRDA:86,3,0,0
BRDA:86,3,1,0
BRF:8
BRH:0
end_of_record
TN:
SF:src\controllers\favorite.controller.js
FN:5,(anonymous_0)
FN:26,(anonymous_1)
FN:59,(anonymous_2)
FN:79,(anonymous_3)
FNF:4
FNH:4
FNDA:2,(anonymous_0)
FNDA:3,(anonymous_1)
FNDA:2,(anonymous_2)
FNDA:2,(anonymous_3)
DA:1,6
DA:6,2
DA:7,2
DA:19,2
DA:21,0
DA:27,3
DA:28,3
DA:31,3
DA:32,3
DA:33,1
DA:37,2
DA:41,2
DA:42,1
DA:47,1
DA:52,1
DA:54,0
DA:60,2
DA:61,2
DA:63,2
DA:67,2
DA:68,1
DA:71,1
DA:72,1
DA:74,0
DA:80,2
DA:81,2
DA:83,2
DA:87,2
DA:89,0
DA:94,6
LF:30
LH:26
BRDA:32,0,0,1
BRDA:32,0,1,2
BRDA:41,1,0,1
BRDA:41,1,1,1
BRDA:67,2,0,1
BRDA:67,2,1,1
BRF:6
BRH:6
end_of_record
TN:
SF:src\controllers\genre.controller.js
FN:5,(anonymous_0)
FN:18,(anonymous_1)
FN:33,(anonymous_2)
FN:46,(anonymous_3)
FN:64,(anonymous_4)
FNF:5
FNH:5
FNDA:2,(anonymous_0)
FNDA:2,(anonymous_1)
FNDA:1,(anonymous_2)
FNDA:2,(anonymous_3)
FNDA:1,(anonymous_4)
DA:1,6
DA:6,2
DA:7,2
DA:11,2
DA:13,0
DA:19,2
DA:20,2
DA:22,2
DA:23,1
DA:26,1
DA:28,0
DA:34,1
DA:35,1
DA:37,1
DA:39,1
DA:41,0
DA:47,2
DA:48,2
DA:50,2
DA:51,1
DA:54,1
DA:55,1
DA:57,1
DA:59,0
DA:65,1
DA:66,1
DA:68,1
DA:69,0
DA:72,1
DA:73,1
DA:75,0
DA:80,6
LF:32
LH:26
BRDA:22,0,0,1
BRDA:22,0,1,1
BRDA:50,1,0,1
BRDA:50,1,1,1
BRDA:68,2,0,0
BRDA:68,2,1,1
BRF:6
BRH:5
end_of_record
TN:
SF:src\controllers\movie.controller.js
FN:6,(anonymous_0)
FN:54,(anonymous_1)
FN:78,(anonymous_2)
FN:118,(anonymous_3)
FN:164,(anonymous_4)
FNF:5
FNH:5
FNDA:4,(anonymous_0)
FNDA:2,(anonymous_1)
FNDA:1,(anonymous_2)
FNDA:2,(anonymous_3)
FNDA:2,(anonymous_4)
DA:1,6
DA:2,6
DA:7,4
DA:8,4
DA:11,4
DA:30,4
DA:31,4
DA:35,4
DA:38,4
DA:39,0
DA:42,4
DA:43,4
DA:45,4
DA:47,4
DA:49,0
DA:55,2
DA:56,2
DA:64,2
DA:65,1
DA:69,1
DA:71,1
DA:73,0
DA:79,1
DA:90,1
DA:92,1
DA:103,1
DA:104,0
DA:107,1
DA:111,1
DA:113,0
DA:119,2
DA:120,2
DA:122,2
DA:123,1
DA:136,1
DA:138,1
DA:149,1
DA:150,0
DA:153,1
DA:157,1
DA:159,0
DA:165,2
DA:166,2
DA:168,2
DA:169,1
DA:172,1
DA:173,1
DA:175,0
DA:180,6
LF:49
LH:41
BRDA:30,0,0,4
BRDA:30,0,1,0
BRDA:38,1,0,0
BRDA:38,1,1,4
BRDA:64,2,0,1
BRDA:64,2,1,1
BRDA:99,3,0,1
BRDA:99,3,1,0
BRDA:100,4,0,1
BRDA:100,4,1,1
BRDA:103,5,0,0
BRDA:103,5,1,1
BRDA:103,6,0,1
BRDA:103,6,1,0
BRDA:122,7,0,1
BRDA:122,7,1,1
BRDA:149,8,0,0
BRDA:149,8,1,1
BRDA:168,9,0,1
BRDA:168,9,1,1
BRF:20
BRH:14
end_of_record
TN:
SF:src\controllers\user.controller.js
FN:7,(anonymous_0)
FN:24,(anonymous_1)
FN:55,(anonymous_2)
FN:75,(anonymous_3)
FN:92,(anonymous_4)
FN:115,(anonymous_5)
FNF:6
FNH:5
FNDA:1,(anonymous_0)
FNDA:1,(anonymous_1)
FNDA:2,(anonymous_2)
FNDA:2,(anonymous_3)
FNDA:0,(anonymous_4)
FNDA:2,(anonymous_5)
DA:1,6
DA:2,6
DA:3,6
DA:8,1
DA:9,1
DA:13,1
DA:14,0
DA:17,1
DA:19,0
DA:25,1
DA:26,1
DA:28,1
DA:29,0
DA:32,1
DA:34,1
DA:35,1
DA:36,1
DA:37,1
DA:38,0
DA:39,0
DA:42,1
DA:44,1
DA:48,1
DA:50,0
DA:56,2
DA:57,2
DA:64,2
DA:66,2
DA:68,2
DA:70,0
DA:76,2
DA:77,2
DA:81,2
DA:82,1
DA:85,1
DA:87,0
DA:93,0
DA:94,0
DA:96,0
DA:97,0
DA:100,0
DA:102,0
DA:104,0
DA:108,0
DA:110,0
DA:116,2
DA:117,2
DA:119,2
DA:120,0
DA:124,2
DA:125,1
DA:128,1
DA:129,1
DA:131,0
DA:136,6
LF:55
LH:36
BRDA:13,0,0,0
BRDA:13,0,1,1
BRDA:28,1,0,0
BRDA:28,1,1,1
BRDA:35,2,0,1
BRDA:35,2,1,0
BRDA:36,3,0,0
BRDA:36,3,1,1
BRDA:37,4,0,0
BRDA:37,4,1,1
BRDA:81,5,0,1
BRDA:81,5,1,1
BRDA:96,6,0,0
BRDA:96,6,1,0
BRDA:119,7,0,0
BRDA:119,7,1,2
BRDA:124,8,0,1
BRDA:124,8,1,1
BRF:18
BRH:10
end_of_record
TN:
SF:src\middlewares\auth.middleware.js
FN:5,(anonymous_0)
FN:41,(anonymous_1)
FN:53,(anonymous_2)
FN:54,(anonymous_3)
FN:68,(anonymous_4)
FNF:5
FNH:2
FNDA:47,(anonymous_0)
FNDA:21,(anonymous_1)
FNDA:0,(anonymous_2)
FNDA:0,(anonymous_3)
FNDA:0,(anonymous_4)
DA:1,6
DA:2,6
DA:5,6
DA:6,47
DA:8,47
DA:9,47
DA:10,6
DA:13,41
DA:16,41
DA:19,40
DA:23,40
DA:24,0
DA:27,40
DA:28,40
DA:30,1
DA:31,1
DA:33,0
DA:34,0
DA:36,0
DA:41,6
DA:42,21
DA:43,15
DA:45,6
DA:53,6
DA:54,0
DA:55,0
DA:56,0
DA:57,0
DA:59,0
DA:68,6
DA:69,0
DA:70,0
DA:71,0
DA:72,0
DA:73,0
DA:74,0
DA:77,0
DA:79,0
DA:81,0
DA:83,0
DA:84,0
LF:41
LH:21
BRDA:9,0,0,6
BRDA:9,0,1,41
BRDA:9,1,0,47
BRDA:9,1,1,41
BRDA:23,2,0,0
BRDA:23,2,1,40
BRDA:30,3,0,1
BRDA:30,3,1,0
BRDA:33,4,0,0
BRDA:33,4,1,0
BRDA:42,5,0,15
BRDA:42,5,1,6
BRDA:42,6,0,21
BRDA:42,6,1,21
BRDA:53,7,0,0
BRDA:56,8,0,0
BRDA:56,8,1,0
BRDA:56,9,0,0
BRDA:56,9,1,0
BRDA:56,9,2,0
BRDA:71,10,0,0
BRDA:71,10,1,0
BRDA:71,11,0,0
BRDA:71,11,1,0
BRDA:77,12,0,0
BRDA:77,12,1,0
BRF:26
BRH:10
end_of_record
TN:
SF:src\routes\auth.routes.js
FNF:0
FNH:0
DA:1,6
DA:2,6
DA:3,6
DA:46,6
DA:78,6
DA:80,6
LF:6
LH:6
BRF:0
BRH:0
end_of_record
TN:
SF:src\routes\comment.routes.js
FNF:0
FNH:0
DA:1,6
DA:2,6
DA:3,6
DA:4,6
DA:39,6
DA:67,6
DA:98,6
DA:118,6
DA:120,6
LF:9
LH:9
BRF:0
BRH:0
end_of_record
TN:
SF:src\routes\episode.routes.js
FNF:0
FNH:0
DA:1,6
DA:2,6
DA:3,6
DA:4,6
DA:29,6
DA:47,6
DA:81,6
DA:116,6
DA:136,6
DA:138,6
LF:10
LH:10
BRF:0
BRH:0
end_of_record
TN:
SF:src\routes\favorite.routes.js
FNF:0
FNH:0
DA:1,6
DA:2,6
DA:3,6
DA:4,6
DA:25,6
DA:45,6
DA:65,6
DA:85,6
DA:87,6
LF:9
LH:9
BRF:0
BRH:0
end_of_record
TN:
SF:src\routes\genre.routes.js
FNF:0
FNH:0
DA:1,6
DA:2,6
DA:3,6
DA:4,6
DA:23,6
DA:43,6
DA:70,6
DA:101,6
DA:121,6
DA:123,6
LF:10
LH:10
BRF:0
BRH:0
end_of_record
TN:
SF:src\routes\index.js
FN:13,(anonymous_0)
FNF:1
FNH:0
FNDA:0,(anonymous_0)
DA:1,6
DA:2,6
DA:4,6
DA:5,6
DA:6,6
DA:7,6
DA:8,6
DA:9,6
DA:10,6
DA:13,6
DA:14,0
DA:31,6
DA:32,6
DA:33,6
DA:34,6
DA:35,6
DA:36,6
DA:37,6
DA:39,6
LF:19
LH:18
BRF:0
BRH:0
end_of_record
TN:
SF:src\routes\movie.routes.js
FNF:0
FNH:0
DA:1,6
DA:2,6
DA:3,6
DA:4,6
DA:57,6
DA:78,6
DA:127,6
DA:176,6
DA:196,6
DA:198,6
LF:10
LH:10
BRF:0
BRH:0
end_of_record
TN:
SF:src\routes\user.routes.js
FNF:0
FNH:0
DA:1,6
DA:2,6
DA:3,6
DA:4,6
DA:25,6
DA:52,6
DA:77,6
DA:97,6
DA:131,6
DA:151,6
DA:153,6
LF:11
LH:11
BRF:0
BRH:0
end_of_record
TN:
SF:src\utils\apiFeatures.js
FN:17,(anonymous_0)
FN:40,(anonymous_1)
FN:66,(anonymous_2)
FN:77,(anonymous_3)
FN:97,(anonymous_4)
FN:100,(anonymous_5)
FN:128,(anonymous_6)
FN:129,(anonymous_7)
FN:130,(anonymous_8)
FN:131,(anonymous_9)
FN:132,(anonymous_10)
FN:133,(anonymous_11)
FN:134,(anonymous_12)
FNF:13
FNH:3
FNDA:6,(anonymous_0)
FNDA:14,(anonymous_1)
FNDA:6,(anonymous_2)
FNDA:0,(anonymous_3)
FNDA:0,(anonymous_4)
FNDA:0,(anonymous_5)
FNDA:0,(anonymous_6)
FNDA:0,(anonymous_7)
FNDA:0,(anonymous_8)
FNDA:0,(anonymous_9)
FNDA:0,(anonymous_10)
FNDA:0,(anonymous_11)
FNDA:0,(anonymous_12)
DA:6,6
DA:7,6
DA:8,6
DA:26,6
DA:29,6
DA:32,6
DA:35,6
DA:36,1
DA:40,6
DA:41,14
DA:42,1
DA:47,6
DA:48,0
DA:50,6
DA:53,6
DA:67,6
DA:68,6
DA:78,0
DA:80,0
DA:81,0
DA:83,0
DA:84,0
DA:86,0
DA:87,0
DA:98,0
DA:100,0
DA:101,0
DA:102,0
DA:104,0
DA:106,0
DA:109,0
DA:111,0
DA:112,0
DA:113,0
DA:115,0
DA:116,0
DA:118,0
DA:119,0
DA:121,0
DA:122,0
DA:123,0
DA:127,0
DA:128,0
DA:129,0
DA:130,0
DA:131,0
DA:132,0
DA:133,0
DA:134,0
DA:137,0
DA:138,0
DA:139,0
DA:143,0
DA:147,6
LF:54
LH:17
BRDA:17,0,0,0
BRDA:19,1,0,0
BRDA:20,2,0,0
BRDA:21,3,0,0
BRDA:22,4,0,0
BRDA:23,5,0,2
BRDA:24,6,0,6
BRDA:25,7,0,6
BRDA:35,8,0,1
BRDA:35,8,1,5
BRDA:35,9,0,6
BRDA:35,9,1,1
BRDA:41,10,0,1
BRDA:41,10,1,13
BRDA:47,11,0,0
BRDA:47,11,1,6
BRDA:78,12,0,0
BRDA:78,12,1,0
BRDA:78,13,0,0
BRDA:78,13,1,0
BRDA:80,14,0,0
BRDA:80,14,1,0
BRDA:80,15,0,0
BRDA:80,15,1,0
BRDA:83,16,0,0
BRDA:83,16,1,0
BRDA:86,17,0,0
BRDA:86,17,1,0
BRDA:102,18,0,0
BRDA:102,18,1,0
BRDA:102,19,0,0
BRDA:102,19,1,0
BRDA:104,20,0,0
BRDA:104,21,0,0
BRDA:104,22,0,0
BRDA:109,23,0,0
BRDA:109,23,1,0
BRDA:109,23,2,0
BRDA:109,23,3,0
BRDA:112,24,0,0
BRDA:112,24,1,0
BRDA:115,25,0,0
BRDA:115,25,1,0
BRDA:118,26,0,0
BRDA:118,26,1,0
BRDA:122,27,0,0
BRDA:122,27,1,0
BRDA:138,28,0,0
BRDA:138,28,1,0
BRF:49
BRH:10
end_of_record
TN:
SF:src\utils\index.js
FNF:0
FNH:0
DA:6,6
DA:7,6
DA:8,6
DA:9,6
DA:11,6
LF:5
LH:5
BRF:0
BRH:0
end_of_record
TN:
SF:src\utils\pagination.js
FN:13,(anonymous_0)
FN:35,(anonymous_1)
FN:56,(anonymous_2)
FNF:3
FNH:3
FNDA:15,(anonymous_0)
FNDA:15,(anonymous_1)
FNDA:10,(anonymous_2)
DA:14,15
DA:16,15
DA:17,15
DA:20,15
DA:21,15
DA:23,15
DA:25,15
DA:36,15
DA:38,15
DA:57,10
DA:65,7
LF:11
LH:11
BRDA:13,0,0,7
BRDA:14,1,0,14
BRDA:14,2,0,8
BRDA:14,3,0,8
BRDA:16,4,0,15
BRDA:16,4,1,10
BRDA:17,5,0,15
BRDA:17,5,1,10
BRF:8
BRH:8
end_of_record
TN:
SF:src\utils\queryBuilder.js
FN:9,(anonymous_0)
FN:23,(anonymous_1)
FN:29,(anonymous_2)
FN:30,(anonymous_3)
FN:31,(anonymous_4)
FN:32,(anonymous_5)
FN:33,(anonymous_6)
FN:34,(anonymous_7)
FN:35,(anonymous_8)
FN:36,(anonymous_9)
FN:37,(anonymous_10)
FN:38,(anonymous_11)
FN:39,(anonymous_12)
FN:40,(anonymous_13)
FN:41,(anonymous_14)
FN:58,(anonymous_15)
FN:63,(anonymous_16)
FN:77,(anonymous_17)
FN:89,(anonymous_18)
FN:100,(anonymous_19)
FN:120,(anonymous_20)
FN:132,(anonymous_21)
FN:144,(anonymous_22)
FN:174,(anonymous_23)
FN:185,(anonymous_24)
FNF:25
FNH:15
FNDA:25,(anonymous_0)
FNDA:10,(anonymous_1)
FNDA:4,(anonymous_2)
FNDA:1,(anonymous_3)
FNDA:0,(anonymous_4)
FNDA:0,(anonymous_5)
FNDA:1,(anonymous_6)
FNDA:0,(anonymous_7)
FNDA:0,(anonymous_8)
FNDA:0,(anonymous_9)
FNDA:1,(anonymous_10)
FNDA:0,(anonymous_11)
FNDA:0,(anonymous_12)
FNDA:0,(anonymous_13)
FNDA:0,(anonymous_14)
FNDA:3,(anonymous_15)
FNDA:4,(anonymous_16)
FNDA:0,(anonymous_17)
FNDA:12,(anonymous_18)
FNDA:3,(anonymous_19)
FNDA:1,(anonymous_20)
FNDA:1,(anonymous_21)
FNDA:24,(anonymous_22)
FNDA:1,(anonymous_23)
FNDA:25,(anonymous_24)
DA:6,7
DA:10,25
DA:11,25
DA:12,25
DA:13,25
DA:24,10
DA:25,3
DA:28,7
DA:29,4
DA:30,1
DA:31,0
DA:32,0
DA:33,1
DA:34,0
DA:35,0
DA:36,0
DA:37,1
DA:38,0
DA:39,0
DA:40,0
DA:41,0
DA:44,7
DA:45,7
DA:46,7
DA:49,7
DA:59,3
DA:60,1
DA:63,4
DA:67,2
DA:78,0
DA:79,0
DA:80,0
DA:90,12
DA:91,12
DA:101,3
DA:102,0
DA:105,3
DA:106,3
DA:108,3
DA:109,3
DA:112,3
DA:121,1
DA:122,1
DA:124,1
DA:133,1
DA:134,1
DA:136,1
DA:145,24
DA:149,24
DA:150,0
DA:153,24
DA:154,11
DA:157,24
DA:158,2
DA:161,24
DA:162,7
DA:163,7
DA:166,24
DA:175,1
DA:186,25
DA:190,7
LF:61
LH:47
BRDA:23,0,0,6
BRDA:24,1,0,3
BRDA:24,1,1,7
BRDA:24,2,0,10
BRDA:24,2,1,9
BRDA:24,2,2,8
BRDA:37,3,0,1
BRDA:37,3,1,0
BRDA:38,4,0,0
BRDA:38,4,1,0
BRDA:45,5,0,7
BRDA:45,5,1,0
BRDA:59,6,0,1
BRDA:59,6,1,2
BRDA:59,7,0,3
BRDA:59,7,1,2
BRDA:59,7,2,2
BRDA:77,8,0,0
BRDA:89,9,0,0
BRDA:100,10,0,2
BRDA:101,11,0,0
BRDA:101,11,1,3
BRDA:105,12,0,1
BRDA:106,13,0,3
BRDA:106,13,1,2
BRDA:108,14,0,3
BRDA:108,14,1,0
BRDA:121,15,0,1
BRDA:121,15,1,0
BRDA:121,16,0,1
BRDA:121,16,1,1
BRDA:133,17,0,1
BRDA:133,17,1,0
BRDA:133,18,0,1
BRDA:133,18,1,1
BRDA:144,19,0,16
BRDA:149,20,0,0
BRDA:149,20,1,24
BRDA:153,21,0,11
BRDA:153,21,1,13
BRDA:157,22,0,2
BRDA:157,22,1,22
BRDA:161,23,0,7
BRDA:161,23,1,17
BRDA:174,24,0,1
BRF:45
BRH:34
end_of_record
TN:
SF:src\utils\response.js
FN:2,(anonymous_0)
FN:11,(anonymous_1)
FN:19,(anonymous_2)
FNF:3
FNH:0
FNDA:0,(anonymous_0)
FNDA:0,(anonymous_1)
FNDA:0,(anonymous_2)
DA:2,6
DA:3,0
DA:11,6
DA:12,0
DA:19,6
DA:20,0
LF:6
LH:3
BRDA:2,0,0,0
BRDA:2,1,0,0
BRDA:11,2,0,0
BRDA:11,3,0,0
BRDA:19,4,0,0
BRF:5
BRH:0
end_of_record
